#
# There is insufficient memory for the Java Runtime Environment to continue.
# Native memory allocation (mmap) failed to map 29360128 bytes. Error detail: G1 virtual space
# Possible reasons:
#   The system is out of physical RAM or swap space
#   This process is running with CompressedOops enabled, and the Java Heap may be blocking the growth of the native heap
# Possible solutions:
#   Reduce memory load on the system
#   Increase physical memory or swap space
#   Check if swap backing store is full
#   Decrease Java heap size (-Xmx/-Xms)
#   Decrease number of Java threads
#   Decrease Java thread stack sizes (-Xss)
#   Set larger code cache with -XX:ReservedCodeCacheSize=
#   JVM is running with Unscaled Compressed Oops mode in which the Java heap is
#     placed in the first 4GB address space. The Java Heap base address is the
#     maximum limit for the native heap growth. Please use -XX:HeapBaseMinAddress
#     to set the Java Heap base and to place the Java Heap above 4GB virtual address.
# This output file may be truncated or incomplete.
#
#  Out of Memory Error (os_windows.cpp:3613), pid=17664, tid=18412
#
# JRE version: OpenJDK Runtime Environment Corretto-17.0.12.7.1 (17.0.12+7) (build 17.0.12+7-LTS)
# Java VM: OpenJDK 64-Bit Server VM Corretto-17.0.12.7.1 (17.0.12+7-LTS, mixed mode, sharing, tiered, compressed oops, compressed class ptrs, g1 gc, windows-amd64)
# No core dump will be written. Minidumps are not enabled by default on client versions of Windows
#

---------------  S U M M A R Y ------------

Command Line: --add-opens=java.base/java.util=ALL-UNNAMED --add-opens=java.base/java.lang=ALL-UNNAMED --add-opens=java.base/java.lang.invoke=ALL-UNNAMED --add-opens=java.prefs/java.util.prefs=ALL-UNNAMED --add-opens=java.base/java.nio.charset=ALL-UNNAMED --add-opens=java.base/java.net=ALL-UNNAMED --add-opens=java.base/java.util.concurrent.atomic=ALL-UNNAMED -Xmx1536m -Dfile.encoding=UTF-8 -Duser.country=US -Duser.language=en -Duser.variant org.gradle.launcher.daemon.bootstrap.GradleDaemon 8.0

Host: Intel(R) Core(TM) i5-8265U CPU @ 1.60GHz, 8 cores, 7G,  Windows 11 , 64 bit Build 22621 (10.0.22621.3958)
Time: Mon Oct 21 16:38:03 2024 GTB Daylight Time elapsed time: 9.028888 seconds (0d 0h 0m 9s)

---------------  T H R E A D  ---------------

Current thread (0x00000213b1b23680):  VMThread "VM Thread" [stack: 0x0000002876800000,0x0000002876900000] [id=18412]

Stack: [0x0000002876800000,0x0000002876900000]
Native frames: (J=compiled Java code, j=interpreted, Vv=VM code, C=native code)
V  [jvm.dll+0x67f4f9]
V  [jvm.dll+0x836eaa]
V  [jvm.dll+0x83896e]
V  [jvm.dll+0x838fd3]
V  [jvm.dll+0x247f6f]
V  [jvm.dll+0x67c2b9]
V  [jvm.dll+0x670d7a]
V  [jvm.dll+0x307b5b]
V  [jvm.dll+0x30f046]
V  [jvm.dll+0x35f22e]
V  [jvm.dll+0x35f46f]
V  [jvm.dll+0x2deb7c]
V  [jvm.dll+0x2dcf3f]
V  [jvm.dll+0x2dc66c]
V  [jvm.dll+0x31fd4b]
V  [jvm.dll+0x83d4cd]
V  [jvm.dll+0x83e212]
V  [jvm.dll+0x83e73f]
V  [jvm.dll+0x83eb24]
V  [jvm.dll+0x83ebf0]
V  [jvm.dll+0x7e62ac]
V  [jvm.dll+0x67e3c7]
C  [ucrtbase.dll+0x29333]
C  [KERNEL32.DLL+0x1257d]
C  [ntdll.dll+0x5af08]

VM_Operation (0x00000028780f2360): G1CollectForAllocation, mode: safepoint, requested by thread 0x00000213f86df610


---------------  P R O C E S S  ---------------

Threads class SMR info:
_java_thread_list=0x00000213fd1f34b0, length=125, elements={
0x00000213949c5960, 0x00000213b1b28aa0, 0x00000213b1b29920, 0x00000213b1b39ca0,
0x00000213b1b3b9d0, 0x00000213b1b3e8a0, 0x00000213b1b3f260, 0x00000213b1b48020,
0x00000213b1b68ae0, 0x00000213b1b69cf0, 0x00000213f70f7f70, 0x00000213f70f8c70,
0x00000213f89465a0, 0x00000213f9000be0, 0x00000213f86e1f60, 0x00000213f8593dc0,
0x00000213f816c030, 0x00000213f9181890, 0x00000213f86df610, 0x00000213f8211260,
0x00000213f8210d50, 0x00000213f8212bb0, 0x00000213f8212190, 0x00000213f82130c0,
0x00000213f8211c80, 0x00000213f8211770, 0x00000213f82126a0, 0x00000213f7198170,
0x00000213f820fe20, 0x00000213f8210330, 0x00000213f8210840, 0x00000213f96e1590,
0x00000213f96e1fb0, 0x00000213f96e2ee0, 0x00000213f96e33f0, 0x00000213f96e1080,
0x00000213f96ddde0, 0x00000213f96e0660, 0x00000213f96dd8d0, 0x00000213f96e0b70,
0x00000213f96ded10, 0x00000213f96e1aa0, 0x00000213f96e3e10, 0x00000213f96dceb0,
0x00000213f96de800, 0x00000213f96df220, 0x00000213f96e0150, 0x00000213f8cc89b0,
0x00000213f8ccad20, 0x00000213f8cc4cf0, 0x00000213f8cc5200, 0x00000213f8cc7570,
0x00000213f8ccb230, 0x00000213f8cc7060, 0x00000213f8cc5710, 0x00000213f8ccc670,
0x00000213f8ccb740, 0x00000213f8cc8ec0, 0x00000213f8cc5c20, 0x00000213f8cc6130,
0x00000213f8cc9df0, 0x00000213f8cc93d0, 0x00000213f8ccbc50, 0x00000213f8cca810,
0x00000213f8cc6640, 0x00000213f8ccc160, 0x00000213f8cc6b50, 0x00000213f8cc98e0,
0x00000213f8cc7a80, 0x00000213f8cc7f90, 0x00000213f8cc84a0, 0x00000213f8cca300,
0x00000213f94e7380, 0x00000213f94e6e70, 0x00000213f94e91e0, 0x00000213f94e7890,
0x00000213f94e82b0, 0x00000213f94ecea0, 0x00000213f94e7da0, 0x00000213f94ebf70,
0x00000213f94e6960, 0x00000213f94e87c0, 0x00000213f94ed3b0, 0x00000213f94e8cd0,
0x00000213f94ec480, 0x00000213f94eb550, 0x00000213f94ed8c0, 0x00000213f94e96f0,
0x00000213f94e9c00, 0x00000213f94ea110, 0x00000213f94ea620, 0x00000213f94eab30,
0x00000213f94eb040, 0x00000213f94eba60, 0x00000213f94ec990, 0x00000213f94eddd0,
0x00000213f94ee2e0, 0x00000213f83b29e0, 0x00000213f83acec0, 0x00000213f83afc50,
0x00000213f83b2ef0, 0x00000213f83b3400, 0x00000213f83af740, 0x00000213f83b15a0,
0x00000213f83b1ab0, 0x00000213f83ad3d0, 0x00000213f83ae300, 0x00000213f83ac4a0,
0x00000213f83b24d0, 0x00000213f83ac9b0, 0x00000213f83ad8e0, 0x00000213f83b0160,
0x00000213f83b3910, 0x00000213f83b3e20, 0x00000213f83addf0, 0x00000213f83ae810,
0x00000213f83b0b80, 0x00000213f83aed20, 0x00000213f83af230, 0x00000213f83b0670,
0x00000213f83b1090, 0x00000213f83b1fc0, 0x00000213fc5e1380, 0x00000213fc5e5550,
0x00000213fc5e36f0
}

Java Threads: ( => current thread )
  0x00000213949c5960 JavaThread "main" [_thread_blocked, id=7656, stack(0x0000002876200000,0x0000002876300000)]
  0x00000213b1b28aa0 JavaThread "Reference Handler" daemon [_thread_blocked, id=7732, stack(0x0000002876900000,0x0000002876a00000)]
  0x00000213b1b29920 JavaThread "Finalizer" daemon [_thread_blocked, id=20244, stack(0x0000002876a00000,0x0000002876b00000)]
  0x00000213b1b39ca0 JavaThread "Signal Dispatcher" daemon [_thread_blocked, id=12704, stack(0x0000002876b00000,0x0000002876c00000)]
  0x00000213b1b3b9d0 JavaThread "Attach Listener" daemon [_thread_blocked, id=15640, stack(0x0000002876c00000,0x0000002876d00000)]
  0x00000213b1b3e8a0 JavaThread "Service Thread" daemon [_thread_blocked, id=12912, stack(0x0000002876d00000,0x0000002876e00000)]
  0x00000213b1b3f260 JavaThread "Monitor Deflation Thread" daemon [_thread_blocked, id=20188, stack(0x0000002876e00000,0x0000002876f00000)]
  0x00000213b1b48020 JavaThread "C2 CompilerThread0" daemon [_thread_blocked, id=16292, stack(0x0000002876f00000,0x0000002877000000)]
  0x00000213b1b68ae0 JavaThread "C1 CompilerThread0" daemon [_thread_blocked, id=18756, stack(0x0000002877000000,0x0000002877100000)]
  0x00000213b1b69cf0 JavaThread "Sweeper thread" daemon [_thread_blocked, id=16632, stack(0x0000002877100000,0x0000002877200000)]
  0x00000213f70f7f70 JavaThread "Common-Cleaner" daemon [_thread_blocked, id=17468, stack(0x0000002877200000,0x0000002877300000)]
  0x00000213f70f8c70 JavaThread "Notification Thread" daemon [_thread_blocked, id=7452, stack(0x0000002877300000,0x0000002877400000)]
  0x00000213f89465a0 JavaThread "Daemon health stats" [_thread_blocked, id=16492, stack(0x0000002877a00000,0x0000002877b00000)]
  0x00000213f9000be0 JavaThread "Incoming local TCP Connector on port 54074" [_thread_in_native, id=1356, stack(0x0000002877b00000,0x0000002877c00000)]
  0x00000213f86e1f60 JavaThread "Daemon periodic checks" [_thread_blocked, id=3228, stack(0x0000002877c00000,0x0000002877d00000)]
  0x00000213f8593dc0 JavaThread "Daemon" [_thread_blocked, id=4248, stack(0x0000002877d00000,0x0000002877e00000)]
  0x00000213f816c030 JavaThread "Handler for socket connection from /127.0.0.1:54074 to /127.0.0.1:54075" [_thread_in_native, id=18624, stack(0x0000002877e00000,0x0000002877f00000)]
  0x00000213f9181890 JavaThread "Cancel handler" [_thread_blocked, id=8712, stack(0x0000002877f00000,0x0000002878000000)]
  0x00000213f86df610 JavaThread "Daemon worker" [_thread_blocked, id=19640, stack(0x0000002878000000,0x0000002878100000)]
  0x00000213f8211260 JavaThread "Asynchronous log dispatcher for DefaultDaemonConnection: socket connection from /127.0.0.1:54074 to /127.0.0.1:54075" [_thread_blocked, id=18768, stack(0x0000002878100000,0x0000002878200000)]
  0x00000213f8210d50 JavaThread "Stdin handler" [_thread_blocked, id=8100, stack(0x0000002878200000,0x0000002878300000)]
  0x00000213f8212bb0 JavaThread "Daemon client event forwarder" [_thread_blocked, id=19384, stack(0x0000002878300000,0x0000002878400000)]
  0x00000213f8212190 JavaThread "Cache worker for journal cache (C:\Users\elena\.gradle\caches\journal-1)" [_thread_blocked, id=7984, stack(0x0000002878400000,0x0000002878500000)]
  0x00000213f82130c0 JavaThread "File lock request listener" [_thread_in_native, id=10340, stack(0x0000002878500000,0x0000002878600000)]
  0x00000213f8211c80 JavaThread "Cache worker for file hash cache (C:\Users\elena\.gradle\caches\8.0\fileHashes)" [_thread_blocked, id=11812, stack(0x0000002878600000,0x0000002878700000)]
  0x00000213f8211770 JavaThread "File watcher server" daemon [_thread_in_native, id=11920, stack(0x0000002878a00000,0x0000002878b00000)]
  0x00000213f82126a0 JavaThread "File watcher consumer" daemon [_thread_blocked, id=19504, stack(0x0000002878b00000,0x0000002878c00000)]
  0x00000213f7198170 JavaThread "C2 CompilerThread1" daemon [_thread_blocked, id=14560, stack(0x0000002877500000,0x0000002877600000)]
  0x00000213f820fe20 JavaThread "jar transforms" [_thread_blocked, id=6272, stack(0x0000002878c00000,0x0000002878d00000)]
  0x00000213f8210330 JavaThread "jar transforms Thread 2" [_thread_blocked, id=19892, stack(0x0000002878d00000,0x0000002878e00000)]
  0x00000213f8210840 JavaThread "jar transforms Thread 3" [_thread_blocked, id=20416, stack(0x0000002878e00000,0x0000002878f00000)]
  0x00000213f96e1590 JavaThread "jar transforms Thread 4" [_thread_blocked, id=3656, stack(0x0000002878f00000,0x0000002879000000)]
  0x00000213f96e1fb0 JavaThread "jar transforms Thread 5" [_thread_blocked, id=4936, stack(0x0000002879000000,0x0000002879100000)]
  0x00000213f96e2ee0 JavaThread "jar transforms Thread 6" [_thread_blocked, id=13528, stack(0x0000002879100000,0x0000002879200000)]
  0x00000213f96e33f0 JavaThread "jar transforms Thread 7" [_thread_blocked, id=20388, stack(0x0000002879200000,0x0000002879300000)]
  0x00000213f96e1080 JavaThread "jar transforms Thread 8" [_thread_blocked, id=16872, stack(0x0000002879300000,0x0000002879400000)]
  0x00000213f96ddde0 JavaThread "Cache worker for checksums cache (C:\Users\elena\AndroidStudioProjects\SMA_lab\chiuitter\.gradle\8.0\checksums)" [_thread_blocked, id=18472, stack(0x0000002879500000,0x0000002879600000)]
  0x00000213f96e0660 JavaThread "Cache worker for cache directory md-rule (C:\Users\elena\.gradle\caches\8.0\md-rule)" [_thread_blocked, id=8404, stack(0x0000002879600000,0x0000002879700000)]
  0x00000213f96dd8d0 JavaThread "Cache worker for file content cache (C:\Users\elena\.gradle\caches\8.0\fileContent)" [_thread_blocked, id=17320, stack(0x0000002879700000,0x0000002879800000)]
  0x00000213f96e0b70 JavaThread "Cache worker for file hash cache (C:\Users\elena\AndroidStudioProjects\SMA_lab\chiuitter\.gradle\8.0\fileHashes)" [_thread_blocked, id=16592, stack(0x0000002879800000,0x0000002879900000)]
  0x00000213f96ded10 JavaThread "Cache worker for cache directory md-supplier (C:\Users\elena\.gradle\caches\8.0\md-supplier)" [_thread_blocked, id=6556, stack(0x0000002879900000,0x0000002879a00000)]
  0x00000213f96e1aa0 JavaThread "Cache worker for execution history cache (C:\Users\elena\.gradle\caches\8.0\executionHistory)" [_thread_blocked, id=19024, stack(0x0000002879a00000,0x0000002879b00000)]
  0x00000213f96e3e10 JavaThread "Cache worker for dependencies-accessors (C:\Users\elena\AndroidStudioProjects\SMA_lab\chiuitter\.gradle\8.0\dependencies-accessors)" [_thread_blocked, id=19064, stack(0x0000002879b00000,0x0000002879c00000)]
  0x00000213f96dceb0 JavaThread "Cache worker for Build Output Cleanup Cache (C:\Users\elena\AndroidStudioProjects\SMA_lab\chiuitter\.gradle\buildOutputCleanup)" [_thread_blocked, id=17192, stack(0x0000002879e00000,0x0000002879f00000)]
  0x00000213f96de800 JavaThread "Unconstrained build operations" [_thread_blocked, id=15600, stack(0x0000002879f00000,0x000000287a000000)]
  0x00000213f96df220 JavaThread "Unconstrained build operations Thread 2" [_thread_blocked, id=16464, stack(0x000000287a000000,0x000000287a100000)]
  0x00000213f96e0150 JavaThread "Unconstrained build operations Thread 3" [_thread_blocked, id=6408, stack(0x000000287a100000,0x000000287a200000)]
  0x00000213f8cc89b0 JavaThread "Unconstrained build operations Thread 4" [_thread_blocked, id=15156, stack(0x000000287a200000,0x000000287a300000)]
  0x00000213f8ccad20 JavaThread "Unconstrained build operations Thread 5" [_thread_blocked, id=4580, stack(0x000000287a300000,0x000000287a400000)]
  0x00000213f8cc4cf0 JavaThread "Unconstrained build operations Thread 6" [_thread_blocked, id=7836, stack(0x000000287a400000,0x000000287a500000)]
  0x00000213f8cc5200 JavaThread "Unconstrained build operations Thread 7" [_thread_blocked, id=20444, stack(0x000000287a500000,0x000000287a600000)]
  0x00000213f8cc7570 JavaThread "Unconstrained build operations Thread 8" [_thread_blocked, id=8364, stack(0x000000287a600000,0x000000287a700000)]
  0x00000213f8ccb230 JavaThread "Unconstrained build operations Thread 9" [_thread_blocked, id=17200, stack(0x000000287a700000,0x000000287a800000)]
  0x00000213f8cc7060 JavaThread "Unconstrained build operations Thread 10" [_thread_blocked, id=1520, stack(0x000000287a800000,0x000000287a900000)]
  0x00000213f8cc5710 JavaThread "Unconstrained build operations Thread 11" [_thread_blocked, id=19448, stack(0x000000287a900000,0x000000287aa00000)]
  0x00000213f8ccc670 JavaThread "Unconstrained build operations Thread 12" [_thread_blocked, id=18056, stack(0x000000287aa00000,0x000000287ab00000)]
  0x00000213f8ccb740 JavaThread "Unconstrained build operations Thread 13" [_thread_blocked, id=18140, stack(0x000000287ab00000,0x000000287ac00000)]
  0x00000213f8cc8ec0 JavaThread "Unconstrained build operations Thread 14" [_thread_blocked, id=19996, stack(0x000000287ac00000,0x000000287ad00000)]
  0x00000213f8cc5c20 JavaThread "Unconstrained build operations Thread 15" [_thread_blocked, id=1292, stack(0x000000287ad00000,0x000000287ae00000)]
  0x00000213f8cc6130 JavaThread "Unconstrained build operations Thread 16" [_thread_blocked, id=17800, stack(0x000000287ae00000,0x000000287af00000)]
  0x00000213f8cc9df0 JavaThread "Unconstrained build operations Thread 17" [_thread_blocked, id=14512, stack(0x000000287af00000,0x000000287b000000)]
  0x00000213f8cc93d0 JavaThread "Unconstrained build operations Thread 18" [_thread_blocked, id=16388, stack(0x000000287b000000,0x000000287b100000)]
  0x00000213f8ccbc50 JavaThread "Unconstrained build operations Thread 19" [_thread_blocked, id=18200, stack(0x000000287b100000,0x000000287b200000)]
  0x00000213f8cca810 JavaThread "Unconstrained build operations Thread 20" [_thread_blocked, id=8436, stack(0x000000287b200000,0x000000287b300000)]
  0x00000213f8cc6640 JavaThread "Unconstrained build operations Thread 21" [_thread_blocked, id=4144, stack(0x000000287b300000,0x000000287b400000)]
  0x00000213f8ccc160 JavaThread "Unconstrained build operations Thread 22" [_thread_blocked, id=16708, stack(0x000000287b400000,0x000000287b500000)]
  0x00000213f8cc6b50 JavaThread "Unconstrained build operations Thread 23" [_thread_blocked, id=4904, stack(0x000000287b500000,0x000000287b600000)]
  0x00000213f8cc98e0 JavaThread "Unconstrained build operations Thread 24" [_thread_blocked, id=1956, stack(0x000000287b600000,0x000000287b700000)]
  0x00000213f8cc7a80 JavaThread "Unconstrained build operations Thread 25" [_thread_blocked, id=2568, stack(0x000000287b700000,0x000000287b800000)]
  0x00000213f8cc7f90 JavaThread "Unconstrained build operations Thread 26" [_thread_blocked, id=18188, stack(0x000000287b800000,0x000000287b900000)]
  0x00000213f8cc84a0 JavaThread "Unconstrained build operations Thread 27" [_thread_blocked, id=18724, stack(0x000000287b900000,0x000000287ba00000)]
  0x00000213f8cca300 JavaThread "Unconstrained build operations Thread 28" [_thread_blocked, id=1372, stack(0x000000287ba00000,0x000000287bb00000)]
  0x00000213f94e7380 JavaThread "Unconstrained build operations Thread 29" [_thread_blocked, id=19464, stack(0x000000287bb00000,0x000000287bc00000)]
  0x00000213f94e6e70 JavaThread "Unconstrained build operations Thread 30" [_thread_blocked, id=9852, stack(0x000000287bc00000,0x000000287bd00000)]
  0x00000213f94e91e0 JavaThread "Unconstrained build operations Thread 31" [_thread_blocked, id=5404, stack(0x000000287bd00000,0x000000287be00000)]
  0x00000213f94e7890 JavaThread "Unconstrained build operations Thread 32" [_thread_blocked, id=14264, stack(0x000000287be00000,0x000000287bf00000)]
  0x00000213f94e82b0 JavaThread "Unconstrained build operations Thread 33" [_thread_blocked, id=16612, stack(0x000000287bf00000,0x000000287c000000)]
  0x00000213f94ecea0 JavaThread "Unconstrained build operations Thread 34" [_thread_blocked, id=18948, stack(0x000000287c000000,0x000000287c100000)]
  0x00000213f94e7da0 JavaThread "Unconstrained build operations Thread 35" [_thread_blocked, id=19792, stack(0x000000287c100000,0x000000287c200000)]
  0x00000213f94ebf70 JavaThread "Unconstrained build operations Thread 36" [_thread_blocked, id=8640, stack(0x000000287c200000,0x000000287c300000)]
  0x00000213f94e6960 JavaThread "Unconstrained build operations Thread 37" [_thread_blocked, id=20080, stack(0x000000287c300000,0x000000287c400000)]
  0x00000213f94e87c0 JavaThread "Unconstrained build operations Thread 38" [_thread_blocked, id=12084, stack(0x000000287c400000,0x000000287c500000)]
  0x00000213f94ed3b0 JavaThread "Unconstrained build operations Thread 39" [_thread_blocked, id=16272, stack(0x000000287c500000,0x000000287c600000)]
  0x00000213f94e8cd0 JavaThread "Unconstrained build operations Thread 40" [_thread_blocked, id=19500, stack(0x000000287c600000,0x000000287c700000)]
  0x00000213f94ec480 JavaThread "Unconstrained build operations Thread 41" [_thread_blocked, id=17400, stack(0x000000287c700000,0x000000287c800000)]
  0x00000213f94eb550 JavaThread "Unconstrained build operations Thread 42" [_thread_blocked, id=17380, stack(0x000000287c800000,0x000000287c900000)]
  0x00000213f94ed8c0 JavaThread "Unconstrained build operations Thread 43" [_thread_blocked, id=19740, stack(0x000000287c900000,0x000000287ca00000)]
  0x00000213f94e96f0 JavaThread "Unconstrained build operations Thread 44" [_thread_blocked, id=15108, stack(0x000000287ca00000,0x000000287cb00000)]
  0x00000213f94e9c00 JavaThread "Unconstrained build operations Thread 45" [_thread_blocked, id=7240, stack(0x000000287cb00000,0x000000287cc00000)]
  0x00000213f94ea110 JavaThread "Unconstrained build operations Thread 46" [_thread_blocked, id=5084, stack(0x000000287cc00000,0x000000287cd00000)]
  0x00000213f94ea620 JavaThread "Unconstrained build operations Thread 47" [_thread_blocked, id=18180, stack(0x000000287cd00000,0x000000287ce00000)]
  0x00000213f94eab30 JavaThread "Unconstrained build operations Thread 48" [_thread_blocked, id=19140, stack(0x000000287ce00000,0x000000287cf00000)]
  0x00000213f94eb040 JavaThread "Unconstrained build operations Thread 49" [_thread_blocked, id=11484, stack(0x000000287cf00000,0x000000287d000000)]
  0x00000213f94eba60 JavaThread "Unconstrained build operations Thread 50" [_thread_blocked, id=18072, stack(0x000000287d000000,0x000000287d100000)]
  0x00000213f94ec990 JavaThread "Unconstrained build operations Thread 51" [_thread_blocked, id=15612, stack(0x000000287d100000,0x000000287d200000)]
  0x00000213f94eddd0 JavaThread "Unconstrained build operations Thread 52" [_thread_blocked, id=4380, stack(0x000000287d200000,0x000000287d300000)]
  0x00000213f94ee2e0 JavaThread "Unconstrained build operations Thread 53" [_thread_blocked, id=10540, stack(0x000000287d300000,0x000000287d400000)]
  0x00000213f83b29e0 JavaThread "Unconstrained build operations Thread 54" [_thread_blocked, id=10336, stack(0x000000287d400000,0x000000287d500000)]
  0x00000213f83acec0 JavaThread "Unconstrained build operations Thread 55" [_thread_blocked, id=11412, stack(0x000000287d500000,0x000000287d600000)]
  0x00000213f83afc50 JavaThread "Unconstrained build operations Thread 56" [_thread_blocked, id=14940, stack(0x000000287d600000,0x000000287d700000)]
  0x00000213f83b2ef0 JavaThread "Unconstrained build operations Thread 57" [_thread_blocked, id=10680, stack(0x000000287d700000,0x000000287d800000)]
  0x00000213f83b3400 JavaThread "Unconstrained build operations Thread 58" [_thread_blocked, id=8732, stack(0x000000287d800000,0x000000287d900000)]
  0x00000213f83af740 JavaThread "Unconstrained build operations Thread 59" [_thread_blocked, id=12372, stack(0x000000287d900000,0x000000287da00000)]
  0x00000213f83b15a0 JavaThread "Unconstrained build operations Thread 60" [_thread_blocked, id=12860, stack(0x000000287da00000,0x000000287db00000)]
  0x00000213f83b1ab0 JavaThread "Unconstrained build operations Thread 61" [_thread_blocked, id=20452, stack(0x000000287db00000,0x000000287dc00000)]
  0x00000213f83ad3d0 JavaThread "Unconstrained build operations Thread 62" [_thread_blocked, id=16076, stack(0x000000287dc00000,0x000000287dd00000)]
  0x00000213f83ae300 JavaThread "Unconstrained build operations Thread 63" [_thread_blocked, id=19708, stack(0x000000287dd00000,0x000000287de00000)]
  0x00000213f83ac4a0 JavaThread "Unconstrained build operations Thread 64" [_thread_blocked, id=20024, stack(0x000000287de00000,0x000000287df00000)]
  0x00000213f83b24d0 JavaThread "Unconstrained build operations Thread 65" [_thread_blocked, id=7712, stack(0x000000287df00000,0x000000287e000000)]
  0x00000213f83ac9b0 JavaThread "Unconstrained build operations Thread 66" [_thread_blocked, id=16320, stack(0x000000287e000000,0x000000287e100000)]
  0x00000213f83ad8e0 JavaThread "Unconstrained build operations Thread 67" [_thread_blocked, id=9116, stack(0x000000287e100000,0x000000287e200000)]
  0x00000213f83b0160 JavaThread "Unconstrained build operations Thread 68" [_thread_blocked, id=19316, stack(0x000000287e200000,0x000000287e300000)]
  0x00000213f83b3910 JavaThread "Unconstrained build operations Thread 69" [_thread_blocked, id=4460, stack(0x000000287e300000,0x000000287e400000)]
  0x00000213f83b3e20 JavaThread "Unconstrained build operations Thread 70" [_thread_blocked, id=18544, stack(0x000000287e400000,0x000000287e500000)]
  0x00000213f83addf0 JavaThread "Unconstrained build operations Thread 71" [_thread_blocked, id=11692, stack(0x000000287e500000,0x000000287e600000)]
  0x00000213f83ae810 JavaThread "Unconstrained build operations Thread 72" [_thread_blocked, id=3028, stack(0x000000287e600000,0x000000287e700000)]
  0x00000213f83b0b80 JavaThread "Unconstrained build operations Thread 73" [_thread_blocked, id=19856, stack(0x000000287e700000,0x000000287e800000)]
  0x00000213f83aed20 JavaThread "Unconstrained build operations Thread 74" [_thread_blocked, id=4116, stack(0x000000287e800000,0x000000287e900000)]
  0x00000213f83af230 JavaThread "Unconstrained build operations Thread 75" [_thread_blocked, id=17004, stack(0x000000287e900000,0x000000287ea00000)]
  0x00000213f83b0670 JavaThread "Unconstrained build operations Thread 76" [_thread_blocked, id=8408, stack(0x000000287ea00000,0x000000287eb00000)]
  0x00000213f83b1090 JavaThread "Unconstrained build operations Thread 77" [_thread_blocked, id=13444, stack(0x000000287eb00000,0x000000287ec00000)]
  0x00000213f83b1fc0 JavaThread "Unconstrained build operations Thread 78" [_thread_blocked, id=17236, stack(0x000000287ec00000,0x000000287ed00000)]
  0x00000213fc5e1380 JavaThread "Unconstrained build operations Thread 79" [_thread_blocked, id=20248, stack(0x000000287ed00000,0x000000287ee00000)]
  0x00000213fc5e5550 JavaThread "Unconstrained build operations Thread 80" [_thread_blocked, id=8392, stack(0x000000287ee00000,0x000000287ef00000)]
  0x00000213fc5e36f0 JavaThread "Memory manager" [_thread_blocked, id=6112, stack(0x000000287ef00000,0x000000287f000000)]

Other Threads:
=>0x00000213b1b23680 VMThread "VM Thread" [stack: 0x0000002876800000,0x0000002876900000] [id=18412]
  0x00000213f70f3c40 WatcherThread [stack: 0x0000002877400000,0x0000002877500000] [id=4092]
  0x0000021394a12870 GCTaskThread "GC Thread#0" [stack: 0x0000002876300000,0x0000002876400000] [id=5308]
  0x00000213f79b5880 GCTaskThread "GC Thread#1" [stack: 0x0000002877700000,0x0000002877800000] [id=280]
  0x00000213f79b6900 GCTaskThread "GC Thread#2" [stack: 0x0000002877800000,0x0000002877900000] [id=10604]
  0x00000213f79b6640 GCTaskThread "GC Thread#3" [stack: 0x0000002877900000,0x0000002877a00000] [id=5256]
  0x00000213f79b5e00 GCTaskThread "GC Thread#4" [stack: 0x0000002877600000,0x0000002877700000] [id=5540]
  0x00000213f79b55c0 GCTaskThread "GC Thread#5" [stack: 0x0000002878700000,0x0000002878800000] [id=17372]
  0x00000213fb3acc70 GCTaskThread "GC Thread#6" [stack: 0x0000002878800000,0x0000002878900000] [id=14612]
  0x00000213fb3aab70 GCTaskThread "GC Thread#7" [stack: 0x0000002878900000,0x0000002878a00000] [id=12272]
  0x0000021394a1f7c0 ConcurrentGCThread "G1 Main Marker" [stack: 0x0000002876400000,0x0000002876500000] [id=7612]
  0x0000021394a201e0 ConcurrentGCThread "G1 Conc#0" [stack: 0x0000002876500000,0x0000002876600000] [id=19120]
  0x00000213fb3ad770 ConcurrentGCThread "G1 Conc#1" [stack: 0x0000002879400000,0x0000002879500000] [id=17128]
  0x00000213b19e20c0 ConcurrentGCThread "G1 Refine#0" [stack: 0x0000002876600000,0x0000002876700000] [id=18668]
  0x00000213fbb3ac00 ConcurrentGCThread "G1 Refine#1" [stack: 0x0000002879c00000,0x0000002879d00000] [id=9256]
  0x00000213fa63fd20 ConcurrentGCThread "G1 Refine#2" [stack: 0x0000002879d00000,0x0000002879e00000] [id=12524]
  0x00000213b19e2af0 ConcurrentGCThread "G1 Service" [stack: 0x0000002876700000,0x0000002876800000] [id=16104]

Threads with active compile tasks:
C2 CompilerThread0     9068 6441   !   4       com.google.common.reflect.TypeVisitor::visit (244 bytes)
C2 CompilerThread1     9068 6434       4       org.objectweb.asm.Frame::execute (2318 bytes)

VM state: at safepoint (normal execution)

VM Mutex/Monitor currently owned by a thread:  ([mutex/lock_event])
[0x00000213949c1d00] Threads_lock - owner thread: 0x00000213b1b23680
[0x00000213949c0170] Heap_lock - owner thread: 0x00000213f86df610

Heap address: 0x00000000a0000000, size: 1536 MB, Compressed Oops mode: 32-bit

CDS archive(s) mapped at: [0x00000213b2000000-0x00000213b2bb0000-0x00000213b2bb0000), size 12255232, SharedBaseAddress: 0x00000213b2000000, ArchiveRelocationMode: 1.
Compressed class space mapped at: 0x00000213b3000000-0x00000213f3000000, reserved size: 1073741824
Narrow klass base: 0x00000213b2000000, Narrow klass shift: 0, Narrow klass range: 0x100000000

GC Precious Log:
 CPUs: 8 total, 8 available
 Memory: 8071M
 Large Page Support: Disabled
 NUMA Support: Disabled
 Compressed Oops: Enabled (32-bit)
 Heap Region Size: 1M
 Heap Min Capacity: 8M
 Heap Initial Capacity: 128M
 Heap Max Capacity: 1536M
 Pre-touch: Disabled
 Parallel Workers: 8
 Concurrent Workers: 2
 Concurrent Refinement Workers: 8
 Periodic GC: Disabled

Heap:
 garbage-first heap   total 140288K, used 82193K [0x00000000a0000000, 0x0000000100000000)
  region size 1024K, 2 young (2048K), 2 survivors (2048K)
 Metaspace       used 52018K, committed 52672K, reserved 1114112K
  class space    used 7158K, committed 7424K, reserved 1048576K

Heap Regions: E=young(eden), S=young(survivor), O=old, HS=humongous(starts), HC=humongous(continues), CS=collection set, F=free, OA=open archive, CA=closed archive, TAMS=top-at-mark-start (previous, next)
|   0|0x00000000a0000000, 0x00000000a0100000, 0x00000000a0100000|100%|HS|  |TAMS 0x00000000a0100000, 0x00000000a0000000| Complete 
|   1|0x00000000a0100000, 0x00000000a0200000, 0x00000000a0200000|100%|HC|  |TAMS 0x00000000a0200000, 0x00000000a0100000| Complete 
|   2|0x00000000a0200000, 0x00000000a0300000, 0x00000000a0300000|100%|HC|  |TAMS 0x00000000a0300000, 0x00000000a0200000| Complete 
|   3|0x00000000a0300000, 0x00000000a0400000, 0x00000000a0400000|100%|HC|  |TAMS 0x00000000a0400000, 0x00000000a0300000| Complete 
|   4|0x00000000a0400000, 0x00000000a0500000, 0x00000000a0500000|100%| O|  |TAMS 0x00000000a0500000, 0x00000000a0400000| Untracked 
|   5|0x00000000a0500000, 0x00000000a0600000, 0x00000000a0600000|100%| O|  |TAMS 0x00000000a0600000, 0x00000000a0500000| Untracked 
|   6|0x00000000a0600000, 0x00000000a0700000, 0x00000000a0700000|100%| O|  |TAMS 0x00000000a0700000, 0x00000000a0600000| Untracked 
|   7|0x00000000a0700000, 0x00000000a0800000, 0x00000000a0800000|100%| O|  |TAMS 0x00000000a0800000, 0x00000000a0700000| Untracked 
|   8|0x00000000a0800000, 0x00000000a0900000, 0x00000000a0900000|100%| O|  |TAMS 0x00000000a0900000, 0x00000000a0800000| Untracked 
|   9|0x00000000a0900000, 0x00000000a0a00000, 0x00000000a0a00000|100%| O|  |TAMS 0x00000000a0a00000, 0x00000000a0900000| Untracked 
|  10|0x00000000a0a00000, 0x00000000a0b00000, 0x00000000a0b00000|100%| O|  |TAMS 0x00000000a0b00000, 0x00000000a0a00000| Untracked 
|  11|0x00000000a0b00000, 0x00000000a0c00000, 0x00000000a0c00000|100%|HS|  |TAMS 0x00000000a0c00000, 0x00000000a0b00000| Complete 
|  12|0x00000000a0c00000, 0x00000000a0d00000, 0x00000000a0d00000|100%|HC|  |TAMS 0x00000000a0d00000, 0x00000000a0c00000| Complete 
|  13|0x00000000a0d00000, 0x00000000a0e00000, 0x00000000a0e00000|100%|HC|  |TAMS 0x00000000a0e00000, 0x00000000a0d00000| Complete 
|  14|0x00000000a0e00000, 0x00000000a0f00000, 0x00000000a0f00000|100%|HC|  |TAMS 0x00000000a0f00000, 0x00000000a0e00000| Complete 
|  15|0x00000000a0f00000, 0x00000000a1000000, 0x00000000a1000000|100%|HC|  |TAMS 0x00000000a1000000, 0x00000000a0f00000| Complete 
|  16|0x00000000a1000000, 0x00000000a1100000, 0x00000000a1100000|100%|HC|  |TAMS 0x00000000a1100000, 0x00000000a1000000| Complete 
|  17|0x00000000a1100000, 0x00000000a1200000, 0x00000000a1200000|100%|HS|  |TAMS 0x00000000a1200000, 0x00000000a1100000| Complete 
|  18|0x00000000a1200000, 0x00000000a1300000, 0x00000000a1300000|100%|HC|  |TAMS 0x00000000a1300000, 0x00000000a1200000| Complete 
|  19|0x00000000a1300000, 0x00000000a1400000, 0x00000000a1400000|100%|HC|  |TAMS 0x00000000a1400000, 0x00000000a1300000| Complete 
|  20|0x00000000a1400000, 0x00000000a1500000, 0x00000000a1500000|100%|HS|  |TAMS 0x00000000a1500000, 0x00000000a1400000| Complete 
|  21|0x00000000a1500000, 0x00000000a1600000, 0x00000000a1600000|100%|HC|  |TAMS 0x00000000a1600000, 0x00000000a1500000| Complete 
|  22|0x00000000a1600000, 0x00000000a1700000, 0x00000000a1700000|100%|HS|  |TAMS 0x00000000a1700000, 0x00000000a1600000| Complete 
|  23|0x00000000a1700000, 0x00000000a1800000, 0x00000000a1800000|100%| O|  |TAMS 0x00000000a1800000, 0x00000000a1700000| Untracked 
|  24|0x00000000a1800000, 0x00000000a1900000, 0x00000000a1900000|100%| O|  |TAMS 0x00000000a1900000, 0x00000000a1800000| Untracked 
|  25|0x00000000a1900000, 0x00000000a1a00000, 0x00000000a1a00000|100%| O|  |TAMS 0x00000000a1a00000, 0x00000000a1900000| Untracked 
|  26|0x00000000a1a00000, 0x00000000a1b00000, 0x00000000a1b00000|100%| O|  |TAMS 0x00000000a1b00000, 0x00000000a1a00000| Untracked 
|  27|0x00000000a1b00000, 0x00000000a1c00000, 0x00000000a1c00000|100%| O|  |TAMS 0x00000000a1c00000, 0x00000000a1b00000| Untracked 
|  28|0x00000000a1c00000, 0x00000000a1d00000, 0x00000000a1d00000|100%| O|  |TAMS 0x00000000a1d00000, 0x00000000a1c00000| Untracked 
|  29|0x00000000a1d00000, 0x00000000a1e00000, 0x00000000a1e00000|100%| O|  |TAMS 0x00000000a1e00000, 0x00000000a1d00000| Untracked 
|  30|0x00000000a1e00000, 0x00000000a1f00000, 0x00000000a1f00000|100%| O|  |TAMS 0x00000000a1f00000, 0x00000000a1e00000| Untracked 
|  31|0x00000000a1f00000, 0x00000000a2000000, 0x00000000a2000000|100%| O|  |TAMS 0x00000000a2000000, 0x00000000a1f00000| Untracked 
|  32|0x00000000a2000000, 0x00000000a2100000, 0x00000000a2100000|100%| O|  |TAMS 0x00000000a2100000, 0x00000000a2000000| Untracked 
|  33|0x00000000a2100000, 0x00000000a2200000, 0x00000000a2200000|100%| O|  |TAMS 0x00000000a2200000, 0x00000000a2100000| Untracked 
|  34|0x00000000a2200000, 0x00000000a2300000, 0x00000000a2300000|100%| O|  |TAMS 0x00000000a2300000, 0x00000000a2200000| Untracked 
|  35|0x00000000a2300000, 0x00000000a2400000, 0x00000000a2400000|100%| O|  |TAMS 0x00000000a2400000, 0x00000000a2300000| Untracked 
|  36|0x00000000a2400000, 0x00000000a2500000, 0x00000000a2500000|100%| O|  |TAMS 0x00000000a2500000, 0x00000000a2400000| Untracked 
|  37|0x00000000a2500000, 0x00000000a2600000, 0x00000000a2600000|100%|HS|  |TAMS 0x00000000a2600000, 0x00000000a2500000| Complete 
|  38|0x00000000a2600000, 0x00000000a2700000, 0x00000000a2700000|100%|HC|  |TAMS 0x00000000a2700000, 0x00000000a2600000| Complete 
|  39|0x00000000a2700000, 0x00000000a2800000, 0x00000000a2800000|100%|HS|  |TAMS 0x00000000a2800000, 0x00000000a2700000| Complete 
|  40|0x00000000a2800000, 0x00000000a2900000, 0x00000000a2900000|100%| O|  |TAMS 0x00000000a2900000, 0x00000000a2800000| Untracked 
|  41|0x00000000a2900000, 0x00000000a2a00000, 0x00000000a2a00000|100%| O|  |TAMS 0x00000000a2a00000, 0x00000000a2900000| Untracked 
|  42|0x00000000a2a00000, 0x00000000a2b00000, 0x00000000a2b00000|100%| O|  |TAMS 0x00000000a2b00000, 0x00000000a2a00000| Untracked 
|  43|0x00000000a2b00000, 0x00000000a2c00000, 0x00000000a2c00000|100%| O|  |TAMS 0x00000000a2c00000, 0x00000000a2b00000| Untracked 
|  44|0x00000000a2c00000, 0x00000000a2d00000, 0x00000000a2d00000|100%| O|  |TAMS 0x00000000a2d00000, 0x00000000a2c00000| Untracked 
|  45|0x00000000a2d00000, 0x00000000a2e00000, 0x00000000a2e00000|100%|HS|  |TAMS 0x00000000a2e00000, 0x00000000a2d00000| Complete 
|  46|0x00000000a2e00000, 0x00000000a2f00000, 0x00000000a2f00000|100%|HC|  |TAMS 0x00000000a2f00000, 0x00000000a2e00000| Complete 
|  47|0x00000000a2f00000, 0x00000000a3000000, 0x00000000a3000000|100%|HC|  |TAMS 0x00000000a3000000, 0x00000000a2f00000| Complete 
|  48|0x00000000a3000000, 0x00000000a3100000, 0x00000000a3100000|100%|HC|  |TAMS 0x00000000a3100000, 0x00000000a3000000| Complete 
|  49|0x00000000a3100000, 0x00000000a3200000, 0x00000000a3200000|100%|HC|  |TAMS 0x00000000a3200000, 0x00000000a3100000| Complete 
|  50|0x00000000a3200000, 0x00000000a3300000, 0x00000000a3300000|100%|HC|  |TAMS 0x00000000a3300000, 0x00000000a3200000| Complete 
|  51|0x00000000a3300000, 0x00000000a3400000, 0x00000000a3400000|100%| O|  |TAMS 0x00000000a3400000, 0x00000000a3300000| Untracked 
|  52|0x00000000a3400000, 0x00000000a3500000, 0x00000000a3500000|100%| O|  |TAMS 0x00000000a3500000, 0x00000000a3400000| Untracked 
|  53|0x00000000a3500000, 0x00000000a3600000, 0x00000000a3600000|100%| O|  |TAMS 0x00000000a3600000, 0x00000000a3500000| Untracked 
|  54|0x00000000a3600000, 0x00000000a3700000, 0x00000000a3700000|100%| O|  |TAMS 0x00000000a3700000, 0x00000000a3600000| Untracked 
|  55|0x00000000a3700000, 0x00000000a3800000, 0x00000000a3800000|100%| O|  |TAMS 0x00000000a3800000, 0x00000000a3700000| Untracked 
|  56|0x00000000a3800000, 0x00000000a3900000, 0x00000000a3900000|100%| O|  |TAMS 0x00000000a3900000, 0x00000000a3800000| Untracked 
|  57|0x00000000a3900000, 0x00000000a3a00000, 0x00000000a3a00000|100%| O|  |TAMS 0x00000000a3a00000, 0x00000000a3900000| Untracked 
|  58|0x00000000a3a00000, 0x00000000a3b00000, 0x00000000a3b00000|100%| O|  |TAMS 0x00000000a3b00000, 0x00000000a3a00000| Untracked 
|  59|0x00000000a3b00000, 0x00000000a3c00000, 0x00000000a3c00000|100%| O|  |TAMS 0x00000000a3c00000, 0x00000000a3b00000| Untracked 
|  60|0x00000000a3c00000, 0x00000000a3d00000, 0x00000000a3d00000|100%|HS|  |TAMS 0x00000000a3d00000, 0x00000000a3c00000| Complete 
|  61|0x00000000a3d00000, 0x00000000a3e00000, 0x00000000a3e00000|100%|HS|  |TAMS 0x00000000a3e00000, 0x00000000a3d00000| Complete 
|  62|0x00000000a3e00000, 0x00000000a3f00000, 0x00000000a3f00000|100%|HC|  |TAMS 0x00000000a3f00000, 0x00000000a3e00000| Complete 
|  63|0x00000000a3f00000, 0x00000000a4000000, 0x00000000a4000000|100%|HS|  |TAMS 0x00000000a4000000, 0x00000000a3f00000| Complete 
|  64|0x00000000a4000000, 0x00000000a4100000, 0x00000000a4100000|100%|HS|  |TAMS 0x00000000a4100000, 0x00000000a4000000| Complete 
|  65|0x00000000a4100000, 0x00000000a4200000, 0x00000000a4200000|100%| O|  |TAMS 0x00000000a4200000, 0x00000000a4100000| Untracked 
|  66|0x00000000a4200000, 0x00000000a4300000, 0x00000000a4300000|100%| O|  |TAMS 0x00000000a4300000, 0x00000000a4200000| Untracked 
|  67|0x00000000a4300000, 0x00000000a4400000, 0x00000000a4400000|100%|HS|  |TAMS 0x00000000a4400000, 0x00000000a4300000| Complete 
|  68|0x00000000a4400000, 0x00000000a4500000, 0x00000000a4500000|100%|HC|  |TAMS 0x00000000a4500000, 0x00000000a4400000| Complete 
|  69|0x00000000a4500000, 0x00000000a4600000, 0x00000000a4600000|100%|HC|  |TAMS 0x00000000a4600000, 0x00000000a4500000| Complete 
|  70|0x00000000a4600000, 0x00000000a4700000, 0x00000000a4700000|100%|HC|  |TAMS 0x00000000a4700000, 0x00000000a4600000| Complete 
|  71|0x00000000a4700000, 0x00000000a4800000, 0x00000000a4800000|100%| O|  |TAMS 0x00000000a4700000, 0x00000000a4700000| Untracked 
|  72|0x00000000a4800000, 0x00000000a4900000, 0x00000000a4900000|100%| O|  |TAMS 0x00000000a4900000, 0x00000000a4800000| Untracked 
|  73|0x00000000a4900000, 0x00000000a4a00000, 0x00000000a4a00000|100%| O|  |TAMS 0x00000000a4a00000, 0x00000000a4900000| Untracked 
|  74|0x00000000a4a00000, 0x00000000a4b00000, 0x00000000a4b00000|100%| O|  |TAMS 0x00000000a4b00000, 0x00000000a4a00000| Untracked 
|  75|0x00000000a4b00000, 0x00000000a4c00000, 0x00000000a4c00000|100%| O|  |TAMS 0x00000000a4b9a600, 0x00000000a4b00000| Untracked 
|  76|0x00000000a4c00000, 0x00000000a4d00000, 0x00000000a4d00000|100%| O|  |TAMS 0x00000000a4c00000, 0x00000000a4c00000| Untracked 
|  77|0x00000000a4d00000, 0x00000000a4e00000, 0x00000000a4e00000|100%| O|  |TAMS 0x00000000a4d00000, 0x00000000a4d00000| Untracked 
|  78|0x00000000a4e00000, 0x00000000a4e84000, 0x00000000a4f00000| 51%| O|  |TAMS 0x00000000a4e00000, 0x00000000a4e00000| Untracked 
|  79|0x00000000a4f00000, 0x00000000a4f00000, 0x00000000a5000000|  0%| F|  |TAMS 0x00000000a4f00000, 0x00000000a4f00000| Untracked 
|  80|0x00000000a5000000, 0x00000000a5000000, 0x00000000a5100000|  0%| F|  |TAMS 0x00000000a5000000, 0x00000000a5000000| Untracked 
|  81|0x00000000a5100000, 0x00000000a5100000, 0x00000000a5200000|  0%| F|  |TAMS 0x00000000a5100000, 0x00000000a5100000| Untracked 
|  82|0x00000000a5200000, 0x00000000a5200000, 0x00000000a5300000|  0%| F|  |TAMS 0x00000000a5200000, 0x00000000a5200000| Untracked 
|  83|0x00000000a5300000, 0x00000000a5300000, 0x00000000a5400000|  0%| F|  |TAMS 0x00000000a5300000, 0x00000000a5300000| Untracked 
|  84|0x00000000a5400000, 0x00000000a5400000, 0x00000000a5500000|  0%| F|  |TAMS 0x00000000a5400000, 0x00000000a5400000| Untracked 
|  85|0x00000000a5500000, 0x00000000a5500000, 0x00000000a5600000|  0%| F|  |TAMS 0x00000000a5500000, 0x00000000a5500000| Untracked 
|  86|0x00000000a5600000, 0x00000000a5600000, 0x00000000a5700000|  0%| F|  |TAMS 0x00000000a5600000, 0x00000000a5600000| Untracked 
|  87|0x00000000a5700000, 0x00000000a5700000, 0x00000000a5800000|  0%| F|  |TAMS 0x00000000a5700000, 0x00000000a5700000| Untracked 
|  88|0x00000000a5800000, 0x00000000a5800000, 0x00000000a5900000|  0%| F|  |TAMS 0x00000000a5800000, 0x00000000a5800000| Untracked 
|  89|0x00000000a5900000, 0x00000000a5900000, 0x00000000a5a00000|  0%| F|  |TAMS 0x00000000a5900000, 0x00000000a5900000| Untracked 
|  90|0x00000000a5a00000, 0x00000000a5a00000, 0x00000000a5b00000|  0%| F|  |TAMS 0x00000000a5a00000, 0x00000000a5a00000| Untracked 
|  91|0x00000000a5b00000, 0x00000000a5b00000, 0x00000000a5c00000|  0%| F|  |TAMS 0x00000000a5b00000, 0x00000000a5b00000| Untracked 
|  92|0x00000000a5c00000, 0x00000000a5c00000, 0x00000000a5d00000|  0%| F|  |TAMS 0x00000000a5c00000, 0x00000000a5c00000| Untracked 
|  93|0x00000000a5d00000, 0x00000000a5d00000, 0x00000000a5e00000|  0%| F|  |TAMS 0x00000000a5d00000, 0x00000000a5d00000| Untracked 
|  94|0x00000000a5e00000, 0x00000000a5e00000, 0x00000000a5f00000|  0%| F|  |TAMS 0x00000000a5e00000, 0x00000000a5e00000| Untracked 
|  95|0x00000000a5f00000, 0x00000000a5f00000, 0x00000000a6000000|  0%| F|  |TAMS 0x00000000a5f00000, 0x00000000a5f00000| Untracked 
|  96|0x00000000a6000000, 0x00000000a6000000, 0x00000000a6100000|  0%| F|  |TAMS 0x00000000a6000000, 0x00000000a6000000| Untracked 
|  97|0x00000000a6100000, 0x00000000a6100000, 0x00000000a6200000|  0%| F|  |TAMS 0x00000000a6100000, 0x00000000a6100000| Untracked 
|  98|0x00000000a6200000, 0x00000000a6200000, 0x00000000a6300000|  0%| F|  |TAMS 0x00000000a6200000, 0x00000000a6200000| Untracked 
|  99|0x00000000a6300000, 0x00000000a6300000, 0x00000000a6400000|  0%| F|  |TAMS 0x00000000a6300000, 0x00000000a6300000| Untracked 
| 100|0x00000000a6400000, 0x00000000a6400000, 0x00000000a6500000|  0%| F|  |TAMS 0x00000000a6400000, 0x00000000a6400000| Untracked 
| 101|0x00000000a6500000, 0x00000000a6500000, 0x00000000a6600000|  0%| F|  |TAMS 0x00000000a6500000, 0x00000000a6500000| Untracked 
| 102|0x00000000a6600000, 0x00000000a6600000, 0x00000000a6700000|  0%| F|  |TAMS 0x00000000a6600000, 0x00000000a6600000| Untracked 
| 103|0x00000000a6700000, 0x00000000a6700000, 0x00000000a6800000|  0%| F|  |TAMS 0x00000000a6700000, 0x00000000a6700000| Untracked 
| 104|0x00000000a6800000, 0x00000000a6800000, 0x00000000a6900000|  0%| F|  |TAMS 0x00000000a6800000, 0x00000000a6800000| Untracked 
| 105|0x00000000a6900000, 0x00000000a6900000, 0x00000000a6a00000|  0%| F|  |TAMS 0x00000000a6900000, 0x00000000a6900000| Untracked 
| 106|0x00000000a6a00000, 0x00000000a6a00000, 0x00000000a6b00000|  0%| F|  |TAMS 0x00000000a6a00000, 0x00000000a6a00000| Untracked 
| 107|0x00000000a6b00000, 0x00000000a6b00000, 0x00000000a6c00000|  0%| F|  |TAMS 0x00000000a6b00000, 0x00000000a6b00000| Untracked 
| 108|0x00000000a6c00000, 0x00000000a6c00000, 0x00000000a6d00000|  0%| F|  |TAMS 0x00000000a6c00000, 0x00000000a6c00000| Untracked 
| 109|0x00000000a6d00000, 0x00000000a6d00000, 0x00000000a6e00000|  0%| F|  |TAMS 0x00000000a6d00000, 0x00000000a6d00000| Untracked 
| 110|0x00000000a6e00000, 0x00000000a6e00000, 0x00000000a6f00000|  0%| F|  |TAMS 0x00000000a6e00000, 0x00000000a6e00000| Untracked 
| 111|0x00000000a6f00000, 0x00000000a6f00000, 0x00000000a7000000|  0%| F|  |TAMS 0x00000000a6f00000, 0x00000000a6f00000| Untracked 
| 112|0x00000000a7000000, 0x00000000a7000000, 0x00000000a7100000|  0%| F|  |TAMS 0x00000000a7000000, 0x00000000a7000000| Untracked 
| 113|0x00000000a7100000, 0x00000000a7100000, 0x00000000a7200000|  0%| F|  |TAMS 0x00000000a7100000, 0x00000000a7100000| Untracked 
| 114|0x00000000a7200000, 0x00000000a72c0600, 0x00000000a7300000| 75%| S|CS|TAMS 0x00000000a7200000, 0x00000000a7200000| Complete 
| 115|0x00000000a7300000, 0x00000000a7400000, 0x00000000a7400000|100%| S|CS|TAMS 0x00000000a7300000, 0x00000000a7300000| Complete 
| 116|0x00000000a7400000, 0x00000000a7400000, 0x00000000a7500000|  0%| F|  |TAMS 0x00000000a7400000, 0x00000000a7400000| Untracked 
| 117|0x00000000a7500000, 0x00000000a7500000, 0x00000000a7600000|  0%| F|  |TAMS 0x00000000a7500000, 0x00000000a7500000| Untracked 
| 118|0x00000000a7600000, 0x00000000a7600000, 0x00000000a7700000|  0%| F|  |TAMS 0x00000000a7600000, 0x00000000a7600000| Untracked 
| 119|0x00000000a7700000, 0x00000000a7700000, 0x00000000a7800000|  0%| F|  |TAMS 0x00000000a7700000, 0x00000000a7700000| Untracked 
| 120|0x00000000a7800000, 0x00000000a7800000, 0x00000000a7900000|  0%| F|  |TAMS 0x00000000a7800000, 0x00000000a7800000| Untracked 
| 121|0x00000000a7900000, 0x00000000a7900000, 0x00000000a7a00000|  0%| F|  |TAMS 0x00000000a7900000, 0x00000000a7900000| Untracked 
| 122|0x00000000a7a00000, 0x00000000a7a00000, 0x00000000a7b00000|  0%| F|  |TAMS 0x00000000a7a00000, 0x00000000a7a00000| Untracked 
| 123|0x00000000a7b00000, 0x00000000a7b00000, 0x00000000a7c00000|  0%| F|  |TAMS 0x00000000a7b00000, 0x00000000a7b00000| Untracked 
| 124|0x00000000a7c00000, 0x00000000a7c00000, 0x00000000a7d00000|  0%| F|  |TAMS 0x00000000a7c00000, 0x00000000a7c00000| Untracked 
| 125|0x00000000a7d00000, 0x00000000a7d00000, 0x00000000a7e00000|  0%| F|  |TAMS 0x00000000a7d00000, 0x00000000a7d00000| Untracked 
| 126|0x00000000a7e00000, 0x00000000a7e00000, 0x00000000a7f00000|  0%| F|  |TAMS 0x00000000a7e00000, 0x00000000a7e00000| Untracked 
| 127|0x00000000a7f00000, 0x00000000a7f00000, 0x00000000a8000000|  0%| F|  |TAMS 0x00000000a7f00000, 0x00000000a7f00000| Untracked 
| 128|0x00000000a8000000, 0x00000000a8000000, 0x00000000a8100000|  0%| F|  |TAMS 0x00000000a8000000, 0x00000000a8000000| Untracked 
| 129|0x00000000a8100000, 0x00000000a8100000, 0x00000000a8200000|  0%| F|  |TAMS 0x00000000a8100000, 0x00000000a8100000| Untracked 
| 130|0x00000000a8200000, 0x00000000a8200000, 0x00000000a8300000|  0%| F|  |TAMS 0x00000000a8200000, 0x00000000a8200000| Untracked 
| 131|0x00000000a8300000, 0x00000000a8300000, 0x00000000a8400000|  0%| F|  |TAMS 0x00000000a8300000, 0x00000000a8300000| Untracked 
| 132|0x00000000a8400000, 0x00000000a8400000, 0x00000000a8500000|  0%| F|  |TAMS 0x00000000a8400000, 0x00000000a8400000| Untracked 
| 133|0x00000000a8500000, 0x00000000a8500000, 0x00000000a8600000|  0%| F|  |TAMS 0x00000000a8500000, 0x00000000a8500000| Untracked 
| 134|0x00000000a8600000, 0x00000000a8600000, 0x00000000a8700000|  0%| F|  |TAMS 0x00000000a8600000, 0x00000000a8600000| Untracked 
| 135|0x00000000a8700000, 0x00000000a8700000, 0x00000000a8800000|  0%| F|  |TAMS 0x00000000a8700000, 0x00000000a8700000| Untracked 
| 136|0x00000000a8800000, 0x00000000a8800000, 0x00000000a8900000|  0%| F|  |TAMS 0x00000000a8800000, 0x00000000a8800000| Untracked 

Card table byte_map: [0x00000213abb20000,0x00000213abe20000] _byte_map_base: 0x00000213ab620000

Marking Bits (Prev, Next): (CMBitMap*) 0x0000021394a12ed0, (CMBitMap*) 0x0000021394a12e90
 Prev Bits: [0x00000213ad920000, 0x00000213af120000)
 Next Bits: [0x00000213ac120000, 0x00000213ad920000)

Polling page: 0x0000021394180000

Metaspace:

Usage:
  Non-class:     43.81 MB used.
      Class:      6.99 MB used.
       Both:     50.80 MB used.

Virtual space:
  Non-class space:       64.00 MB reserved,      44.19 MB ( 69%) committed,  1 nodes.
      Class space:        1.00 GB reserved,       7.25 MB ( <1%) committed,  1 nodes.
             Both:        1.06 GB reserved,      51.44 MB (  5%) committed. 

Chunk freelists:
   Non-Class:  2.92 MB
       Class:  8.57 MB
        Both:  11.49 MB

MaxMetaspaceSize: unlimited
CompressedClassSpaceSize: 1.00 GB
Initial GC threshold: 21.00 MB
Current GC threshold: 80.44 MB
CDS: on
MetaspaceReclaimPolicy: balanced
 - commit_granule_bytes: 65536.
 - commit_granule_words: 8192.
 - virtual_space_node_default_size: 8388608.
 - enlarge_chunks_in_place: 1.
 - new_chunks_are_fully_committed: 0.
 - uncommit_free_chunks: 1.
 - use_allocation_guard: 0.
 - handle_deallocations: 1.


Internal statistics:

num_allocs_failed_limit: 6.
num_arena_births: 696.
num_arena_deaths: 0.
num_vsnodes_births: 2.
num_vsnodes_deaths: 0.
num_space_committed: 823.
num_space_uncommitted: 0.
num_chunks_returned_to_freelist: 6.
num_chunks_taken_from_freelist: 2768.
num_chunk_merges: 6.
num_chunk_splits: 1820.
num_chunks_enlarged: 1202.
num_inconsistent_stats: 0.

CodeHeap 'non-profiled nmethods': size=120000Kb used=3186Kb max_used=3579Kb free=116813Kb
 bounds [0x00000213a3fc0000, 0x00000213a4340000, 0x00000213ab4f0000]
CodeHeap 'profiled nmethods': size=120000Kb used=10914Kb max_used=11903Kb free=109085Kb
 bounds [0x000002139c4f0000, 0x000002139d090000, 0x00000213a3a20000]
CodeHeap 'non-nmethods': size=5760Kb used=2349Kb max_used=2412Kb free=3411Kb
 bounds [0x00000213a3a20000, 0x00000213a3c90000, 0x00000213a3fc0000]
 total_blobs=6593 nmethods=5725 adapters=780
 compilation: enabled
              stopped_count=0, restarted_count=0
 full_count=0

Compilation events (20 events):
Event: 8.991 Thread 0x00000213b1b68ae0 6519       1       com.sun.management.internal.DiagnosticCommandInfo::getArgumentsInfo (5 bytes)
Event: 8.991 Thread 0x00000213b1b68ae0 nmethod 6519 0x00000213a41abe90 code [0x00000213a41ac020, 0x00000213a41ac0f8]
Event: 8.993 Thread 0x00000213b1b68ae0 6521       3       java.util.IdentityHashMap::containsKey (55 bytes)
Event: 8.993 Thread 0x00000213b1b68ae0 nmethod 6521 0x000002139d007790 code [0x000002139d007960, 0x000002139d007dc8]
Event: 8.994 Thread 0x00000213b1b68ae0 6522  s!   3       com.sun.jmx.mbeanserver.DefaultMXBeanMappingFactory::mappingForType (110 bytes)
Event: 8.995 Thread 0x00000213b1b68ae0 nmethod 6522 0x000002139c9a6910 code [0x000002139c9a6c40, 0x000002139c9a7dc8]
Event: 8.995 Thread 0x00000213b1b68ae0 6523  s    3       com.sun.jmx.mbeanserver.DefaultMXBeanMappingFactory::getMapping (27 bytes)
Event: 8.995 Thread 0x00000213b1b68ae0 nmethod 6523 0x000002139d006e10 code [0x000002139d006fe0, 0x000002139d007568]
Event: 8.997 Thread 0x00000213b1b68ae0 6524       3       javax.management.ObjectName::construct (1135 bytes)
Event: 8.999 Thread 0x00000213b1b68ae0 nmethod 6524 0x000002139c5ee690 code [0x000002139c5eed00, 0x000002139c5f2d48]
Event: 8.999 Thread 0x00000213b1b68ae0 6526       3       javax.management.StandardMBean::getDescription (11 bytes)
Event: 9.000 Thread 0x00000213b1b68ae0 nmethod 6526 0x000002139cba3710 code [0x000002139cba38c0, 0x000002139cba3ad8]
Event: 9.000 Thread 0x00000213b1b68ae0 6525       3       com.sun.jmx.mbeanserver.MXBeanIntrospector::originalTypeString (20 bytes)
Event: 9.000 Thread 0x00000213b1b68ae0 nmethod 6525 0x000002139cba2f90 code [0x000002139cba3160, 0x000002139cba35b8]
Event: 9.002 Thread 0x00000213b1b68ae0 6527       3       javax.management.ImmutableDescriptor::union (308 bytes)
Event: 9.003 Thread 0x00000213b1b68ae0 nmethod 6527 0x000002139c77a490 code [0x000002139c77a800, 0x000002139c77c3a8]
Event: 9.003 Thread 0x00000213b1b68ae0 6528       3       javax.management.MBeanFeatureInfo::<init> (20 bytes)
Event: 9.004 Thread 0x00000213b1b68ae0 nmethod 6528 0x000002139cba2a90 code [0x000002139cba2c40, 0x000002139cba2eb8]
Event: 9.004 Thread 0x00000213b1b68ae0 6529       3       java.lang.reflect.Executable::getDeclaredAnnotations (8 bytes)
Event: 9.004 Thread 0x00000213b1b68ae0 nmethod 6529 0x000002139cc3d910 code [0x000002139cc3dae0, 0x000002139cc3df28]

GC Heap History (20 events):
Event: 2.987 GC heap after
{Heap after GC invocations=3 (full 0):
 garbage-first heap   total 131072K, used 20803K [0x00000000a0000000, 0x0000000100000000)
  region size 1024K, 10 young (10240K), 10 survivors (10240K)
 Metaspace       used 17784K, committed 18112K, reserved 1114112K
  class space    used 2619K, committed 2752K, reserved 1048576K
}
Event: 3.621 GC heap before
{Heap before GC invocations=3 (full 0):
 garbage-first heap   total 131072K, used 57667K [0x00000000a0000000, 0x0000000100000000)
  region size 1024K, 36 young (36864K), 10 survivors (10240K)
 Metaspace       used 21160K, committed 21504K, reserved 1114112K
  class space    used 3160K, committed 3328K, reserved 1048576K
}
Event: 3.632 GC heap after
{Heap after GC invocations=4 (full 0):
 garbage-first heap   total 131072K, used 38021K [0x00000000a0000000, 0x0000000100000000)
  region size 1024K, 5 young (5120K), 5 survivors (5120K)
 Metaspace       used 21160K, committed 21504K, reserved 1114112K
  class space    used 3160K, committed 3328K, reserved 1048576K
}
Event: 4.845 GC heap before
{Heap before GC invocations=5 (full 0):
 garbage-first heap   total 131072K, used 93317K [0x00000000a0000000, 0x0000000100000000)
  region size 1024K, 59 young (60416K), 5 survivors (5120K)
 Metaspace       used 31180K, committed 31616K, reserved 1114112K
  class space    used 4460K, committed 4672K, reserved 1048576K
}
Event: 4.852 GC heap after
{Heap after GC invocations=6 (full 0):
 garbage-first heap   total 131072K, used 42710K [0x00000000a0000000, 0x0000000100000000)
  region size 1024K, 6 young (6144K), 6 survivors (6144K)
 Metaspace       used 31180K, committed 31616K, reserved 1114112K
  class space    used 4460K, committed 4672K, reserved 1048576K
}
Event: 5.529 GC heap before
{Heap before GC invocations=6 (full 0):
 garbage-first heap   total 131072K, used 92886K [0x00000000a0000000, 0x0000000100000000)
  region size 1024K, 54 young (55296K), 6 survivors (6144K)
 Metaspace       used 35706K, committed 36096K, reserved 1114112K
  class space    used 4970K, committed 5120K, reserved 1048576K
}
Event: 5.535 GC heap after
{Heap after GC invocations=7 (full 0):
 garbage-first heap   total 131072K, used 46318K [0x00000000a0000000, 0x0000000100000000)
  region size 1024K, 4 young (4096K), 4 survivors (4096K)
 Metaspace       used 35706K, committed 36096K, reserved 1114112K
  class space    used 4970K, committed 5120K, reserved 1048576K
}
Event: 6.489 GC heap before
{Heap before GC invocations=8 (full 0):
 garbage-first heap   total 131072K, used 108782K [0x00000000a0000000, 0x0000000100000000)
  region size 1024K, 56 young (57344K), 4 survivors (4096K)
 Metaspace       used 40924K, committed 41472K, reserved 1114112K
  class space    used 5670K, committed 5952K, reserved 1048576K
}
Event: 6.495 GC heap after
{Heap after GC invocations=9 (full 0):
 garbage-first heap   total 131072K, used 60586K [0x00000000a0000000, 0x0000000100000000)
  region size 1024K, 7 young (7168K), 7 survivors (7168K)
 Metaspace       used 40924K, committed 41472K, reserved 1114112K
  class space    used 5670K, committed 5952K, reserved 1048576K
}
Event: 7.387 GC heap before
{Heap before GC invocations=9 (full 0):
 garbage-first heap   total 131072K, used 102570K [0x00000000a0000000, 0x0000000100000000)
  region size 1024K, 48 young (49152K), 7 survivors (7168K)
 Metaspace       used 43448K, committed 44032K, reserved 1114112K
  class space    used 6040K, committed 6336K, reserved 1048576K
}
Event: 7.395 GC heap after
{Heap after GC invocations=10 (full 0):
 garbage-first heap   total 131072K, used 64232K [0x00000000a0000000, 0x0000000100000000)
  region size 1024K, 4 young (4096K), 4 survivors (4096K)
 Metaspace       used 43448K, committed 44032K, reserved 1114112K
  class space    used 6040K, committed 6336K, reserved 1048576K
}
Event: 7.682 GC heap before
{Heap before GC invocations=10 (full 0):
 garbage-first heap   total 131072K, used 81640K [0x00000000a0000000, 0x0000000100000000)
  region size 1024K, 22 young (22528K), 4 survivors (4096K)
 Metaspace       used 43984K, committed 44608K, reserved 1114112K
  class space    used 6095K, committed 6400K, reserved 1048576K
}
Event: 7.685 GC heap after
{Heap after GC invocations=11 (full 0):
 garbage-first heap   total 131072K, used 64458K [0x00000000a0000000, 0x0000000100000000)
  region size 1024K, 4 young (4096K), 4 survivors (4096K)
 Metaspace       used 43984K, committed 44608K, reserved 1114112K
  class space    used 6095K, committed 6400K, reserved 1048576K
}
Event: 7.805 GC heap before
{Heap before GC invocations=12 (full 0):
 garbage-first heap   total 131072K, used 72650K [0x00000000a0000000, 0x0000000100000000)
  region size 1024K, 8 young (8192K), 4 survivors (4096K)
 Metaspace       used 43994K, committed 44608K, reserved 1114112K
  class space    used 6095K, committed 6400K, reserved 1048576K
}
Event: 7.809 GC heap after
{Heap after GC invocations=13 (full 0):
 garbage-first heap   total 131072K, used 72574K [0x00000000a0000000, 0x0000000100000000)
  region size 1024K, 5 young (5120K), 5 survivors (5120K)
 Metaspace       used 43994K, committed 44608K, reserved 1114112K
  class space    used 6095K, committed 6400K, reserved 1048576K
}
Event: 8.214 GC heap before
{Heap before GC invocations=14 (full 0):
 garbage-first heap   total 133120K, used 98174K [0x00000000a0000000, 0x0000000100000000)
  region size 1024K, 26 young (26624K), 5 survivors (5120K)
 Metaspace       used 45750K, committed 46400K, reserved 1114112K
  class space    used 6338K, committed 6656K, reserved 1048576K
}
Event: 8.219 GC heap after
{Heap after GC invocations=15 (full 0):
 garbage-first heap   total 133120K, used 80489K [0x00000000a0000000, 0x0000000100000000)
  region size 1024K, 4 young (4096K), 4 survivors (4096K)
 Metaspace       used 45750K, committed 46400K, reserved 1114112K
  class space    used 6338K, committed 6656K, reserved 1048576K
}
Event: 8.576 GC heap before
{Heap before GC invocations=15 (full 0):
 garbage-first heap   total 133120K, used 99945K [0x00000000a0000000, 0x0000000100000000)
  region size 1024K, 23 young (23552K), 4 survivors (4096K)
 Metaspace       used 48586K, committed 49216K, reserved 1114112K
  class space    used 6683K, committed 6976K, reserved 1048576K
}
Event: 8.579 GC heap after
{Heap after GC invocations=16 (full 0):
 garbage-first heap   total 133120K, used 81239K [0x00000000a0000000, 0x0000000100000000)
  region size 1024K, 1 young (1024K), 1 survivors (1024K)
 Metaspace       used 48586K, committed 49216K, reserved 1114112K
  class space    used 6683K, committed 6976K, reserved 1048576K
}
Event: 9.023 GC heap before
{Heap before GC invocations=17 (full 0):
 garbage-first heap   total 140288K, used 102743K [0x00000000a0000000, 0x0000000100000000)
  region size 1024K, 22 young (22528K), 1 survivors (1024K)
 Metaspace       used 52018K, committed 52672K, reserved 1114112K
  class space    used 7158K, committed 7424K, reserved 1048576K
}

Dll operation events (13 events):
Event: 0.009 Loaded shared library C:\Users\elena\.jdks\corretto-17.0.12\bin\java.dll
Event: 0.027 Loaded shared library C:\Users\elena\.jdks\corretto-17.0.12\bin\jsvml.dll
Event: 0.060 Loaded shared library C:\Users\elena\.jdks\corretto-17.0.12\bin\net.dll
Event: 0.061 Loaded shared library C:\Users\elena\.jdks\corretto-17.0.12\bin\nio.dll
Event: 0.064 Loaded shared library C:\Users\elena\.jdks\corretto-17.0.12\bin\zip.dll
Event: 0.251 Loaded shared library C:\Users\elena\.jdks\corretto-17.0.12\bin\jimage.dll
Event: 0.323 Loaded shared library C:\Users\elena\.jdks\corretto-17.0.12\bin\verify.dll
Event: 0.512 Loaded shared library C:\Users\elena\.gradle\native\68d5fa5c4cc2d200863cafc0d521ce42e7d3e7ee720ec0a83991735586a16f82\windows-amd64\native-platform.dll
Event: 0.528 Loaded shared library C:\Users\elena\.gradle\native\e376f236ea51e6404a007f0833ffe2c6e607c4080706a723a18a27aeea778392\windows-amd64\native-platform-file-events.dll
Event: 1.343 Loaded shared library C:\Users\elena\.jdks\corretto-17.0.12\bin\management.dll
Event: 1.345 Loaded shared library C:\Users\elena\.jdks\corretto-17.0.12\bin\management_ext.dll
Event: 1.574 Loaded shared library C:\Users\elena\.jdks\corretto-17.0.12\bin\extnet.dll
Event: 1.893 Loaded shared library C:\Users\elena\.jdks\corretto-17.0.12\bin\sunmscapi.dll

Deoptimization events (20 events):
Event: 8.956 Thread 0x00000213f86df610 Uncommon trap: trap_request=0xffffffde fr.pc=0x00000213a4259de0 relative=0x0000000000000160
Event: 8.956 Thread 0x00000213f86df610 Uncommon trap: reason=class_check action=maybe_recompile pc=0x00000213a4259de0 method=java.lang.reflect.Array.newInstance(Ljava/lang/Class;I)Ljava/lang/Object; @ 2 c2
Event: 8.956 Thread 0x00000213f86df610 DEOPT PACKING pc=0x00000213a4259de0 sp=0x00000028780f1e70
Event: 8.956 Thread 0x00000213f86df610 DEOPT UNPACKING pc=0x00000213a3a769a3 sp=0x00000028780f1e08 mode 2
Event: 8.960 Thread 0x00000213f86df610 Uncommon trap: trap_request=0xffffff76 fr.pc=0x00000213a422e660 relative=0x00000000000030a0
Event: 8.960 Thread 0x00000213f86df610 Uncommon trap: reason=predicate action=maybe_recompile pc=0x00000213a422e660 method=java.util.Arrays.binarySearch0([Ljava/lang/Object;IILjava/lang/Object;Ljava/util/Comparator;)I @ 25 c2
Event: 8.960 Thread 0x00000213f86df610 DEOPT PACKING pc=0x00000213a422e660 sp=0x00000028780f30e0
Event: 8.960 Thread 0x00000213f86df610 DEOPT UNPACKING pc=0x00000213a3a769a3 sp=0x00000028780f30c8 mode 2
Event: 8.988 Thread 0x00000213f86df610 Uncommon trap: trap_request=0xffffff45 fr.pc=0x00000213a427d89c relative=0x000000000000007c
Event: 8.988 Thread 0x00000213f86df610 Uncommon trap: reason=unstable_if action=reinterpret pc=0x00000213a427d89c method=java.util.Spliterator.getExactSizeIfKnown()J @ 9 c2
Event: 8.988 Thread 0x00000213f86df610 DEOPT PACKING pc=0x00000213a427d89c sp=0x00000028780f2920
Event: 8.988 Thread 0x00000213f86df610 DEOPT UNPACKING pc=0x00000213a3a769a3 sp=0x00000028780f28b8 mode 2
Event: 9.008 Thread 0x00000213f86df610 Uncommon trap: trap_request=0xffffff45 fr.pc=0x00000213a3fe288c relative=0x00000000000001ec
Event: 9.008 Thread 0x00000213f86df610 Uncommon trap: reason=unstable_if action=reinterpret pc=0x00000213a3fe288c method=java.security.SecureClassLoader$CodeSourceKey.hashCode()I @ 9 c2
Event: 9.008 Thread 0x00000213f86df610 DEOPT PACKING pc=0x00000213a3fe288c sp=0x00000028780f2290
Event: 9.008 Thread 0x00000213f86df610 DEOPT UNPACKING pc=0x00000213a3a769a3 sp=0x00000028780f2220 mode 2
Event: 9.008 Thread 0x00000213f86df610 Uncommon trap: trap_request=0xffffff45 fr.pc=0x00000213a427575c relative=0x000000000000209c
Event: 9.008 Thread 0x00000213f86df610 Uncommon trap: reason=unstable_if action=reinterpret pc=0x00000213a427575c method=java.lang.ClassLoader.defineClassSourceLocation(Ljava/security/ProtectionDomain;)Ljava/lang/String; @ 15 c2
Event: 9.008 Thread 0x00000213f86df610 DEOPT PACKING pc=0x00000213a427575c sp=0x00000028780f22b0
Event: 9.008 Thread 0x00000213f86df610 DEOPT UNPACKING pc=0x00000213a3a769a3 sp=0x00000028780f2228 mode 2

Classes loaded (20 events):
Event: 9.003 Loading class javax/management/NotificationListener
Event: 9.004 Loading class javax/management/NotificationListener done
Event: 9.004 Loading class javax/management/NotificationFilter
Event: 9.004 Loading class javax/management/NotificationFilter done
Event: 9.004 Loading class javax/management/ListenerNotFoundException
Event: 9.004 Loading class javax/management/ListenerNotFoundException done
Event: 9.004 Loading class jdk/jfr/Recording
Event: 9.004 Loading class jdk/jfr/Recording done
Event: 9.004 Loading class jdk/jfr/FlightRecorder
Event: 9.004 Loading class jdk/jfr/FlightRecorder done
Event: 9.004 Loading class jdk/management/jfr/FlightRecorderMXBeanImpl$MXBeanListener
Event: 9.004 Loading class jdk/jfr/FlightRecorderListener
Event: 9.005 Loading class jdk/jfr/FlightRecorderListener done
Event: 9.005 Loading class jdk/management/jfr/FlightRecorderMXBeanImpl$MXBeanListener done
Event: 9.006 Loading class sun/reflect/misc/MethodUtil
Event: 9.006 Loading class sun/reflect/misc/MethodUtil done
Event: 9.006 Loading class sun/reflect/misc/MethodUtil$1
Event: 9.007 Loading class sun/reflect/misc/MethodUtil$1 done
Event: 9.013 Loading class java/lang/Byte$ByteCache
Event: 9.013 Loading class java/lang/Byte$ByteCache done

Classes unloaded (0 events):
No events

Classes redefined (0 events):
No events

Internal exceptions (20 events):
Event: 7.632 Thread 0x00000213f86df610 Exception <a 'java/lang/ClassNotFoundException'{0x00000000a71d8358}: build_cclk35ej469wxu8o0mtkggnemCustomizer> (0x00000000a71d8358) 
thrown [s\src\hotspot\share\classfile\systemDictionary.cpp, line 256]
Event: 7.927 Thread 0x00000213f86df610 Exception <a 'java/lang/ClassNotFoundException'{0x00000000a7d91030}: org/gradle/api/tasks/Delete_DecoratedBeanInfo> (0x00000000a7d91030) 
thrown [s\src\hotspot\share\classfile\systemDictionary.cpp, line 256]
Event: 7.927 Thread 0x00000213f86df610 Exception <a 'java/lang/ClassNotFoundException'{0x00000000a7da6658}: org/gradle/api/tasks/DeleteBeanInfo> (0x00000000a7da6658) 
thrown [s\src\hotspot\share\classfile\systemDictionary.cpp, line 256]
Event: 7.928 Thread 0x00000213f86df610 Exception <a 'java/lang/ClassNotFoundException'{0x00000000a7dbc0d0}: org/gradle/api/internal/ConventionTaskBeanInfo> (0x00000000a7dbc0d0) 
thrown [s\src\hotspot\share\classfile\systemDictionary.cpp, line 256]
Event: 7.929 Thread 0x00000213f86df610 Exception <a 'java/lang/ClassNotFoundException'{0x00000000a7dd19c0}: org/gradle/api/DefaultTaskBeanInfo> (0x00000000a7dd19c0) 
thrown [s\src\hotspot\share\classfile\systemDictionary.cpp, line 256]
Event: 7.930 Thread 0x00000213f86df610 Exception <a 'java/lang/ClassNotFoundException'{0x00000000a7de7420}: org/gradle/api/internal/AbstractTaskBeanInfo> (0x00000000a7de7420) 
thrown [s\src\hotspot\share\classfile\systemDictionary.cpp, line 256]
Event: 7.931 Thread 0x00000213f86df610 Exception <a 'java/lang/ClassNotFoundException'{0x00000000a7dfce70}: org/gradle/api/internal/AbstractTaskCustomizer> (0x00000000a7dfce70) 
thrown [s\src\hotspot\share\classfile\systemDictionary.cpp, line 256]
Event: 7.935 Thread 0x00000213f86df610 Exception <a 'java/lang/ClassNotFoundException'{0x00000000a7c682d0}: org/gradle/api/DefaultTaskCustomizer> (0x00000000a7c682d0) 
thrown [s\src\hotspot\share\classfile\systemDictionary.cpp, line 256]
Event: 7.939 Thread 0x00000213f86df610 Exception <a 'java/lang/ClassNotFoundException'{0x00000000a7cd9c70}: org/gradle/api/internal/ConventionTaskCustomizer> (0x00000000a7cd9c70) 
thrown [s\src\hotspot\share\classfile\systemDictionary.cpp, line 256]
Event: 7.941 Thread 0x00000213f86df610 Exception <a 'java/lang/ClassNotFoundException'{0x00000000a7cfea38}: org/gradle/api/tasks/DeleteCustomizer> (0x00000000a7cfea38) 
thrown [s\src\hotspot\share\classfile\systemDictionary.cpp, line 256]
Event: 7.943 Thread 0x00000213f86df610 Exception <a 'java/lang/ClassNotFoundException'{0x00000000a7628918}: org/gradle/api/tasks/Delete_DecoratedCustomizer> (0x00000000a7628918) 
thrown [s\src\hotspot\share\classfile\systemDictionary.cpp, line 256]
Event: 7.978 Thread 0x00000213f86df610 Exception <a 'java/lang/ClassNotFoundException'{0x00000000a754ab98}: build_2hvlvoj1nxhs0ttu9bmgp71csBeanInfo> (0x00000000a754ab98) 
thrown [s\src\hotspot\share\classfile\systemDictionary.cpp, line 256]
Event: 7.979 Thread 0x00000213f86df610 Exception <a 'java/lang/ClassNotFoundException'{0x00000000a7552118}: build_2hvlvoj1nxhs0ttu9bmgp71csCustomizer> (0x00000000a7552118) 
thrown [s\src\hotspot\share\classfile\systemDictionary.cpp, line 256]
Event: 8.163 Thread 0x00000213f86df610 Exception <a 'java/lang/NoSuchMethodError'{0x00000000a6918e90}: 'java.lang.Object java.lang.invoke.DirectMethodHandle$Holder.newInvokeSpecial(java.lang.Object, java.lang.Object, java.lang.Object, java.lang.Object, int)'> (0x00000000a6918e90) 
thrown [s\src\hotspot\share\interpreter\linkResolver.cpp, line 759]
Event: 8.164 Thread 0x00000213f86df610 Exception <a 'java/lang/NoSuchMethodError'{0x00000000a691e2d8}: 'java.lang.Object java.lang.invoke.DirectMethodHandle$Holder.invokeSpecial(java.lang.Object, java.lang.Object, java.lang.Object, java.lang.Object, java.lang.Object, int)'> (0x00000000a691e2d8) 
thrown [s\src\hotspot\share\interpreter\linkResolver.cpp, line 759]
Event: 8.164 Thread 0x00000213f86df610 Exception <a 'java/lang/NoSuchMethodError'{0x00000000a6923058}: 'java.lang.Object java.lang.invoke.Invokers$Holder.linkToTargetMethod(java.lang.Object, java.lang.Object, java.lang.Object, int, java.lang.Object)'> (0x00000000a6923058) 
thrown [s\src\hotspot\share\interpreter\linkResolver.cpp, line 759]
Event: 8.464 Thread 0x00000213f86df610 Exception <a 'java/lang/NoSuchMethodError'{0x00000000a7668f48}: 'int java.lang.invoke.DirectMethodHandle$Holder.invokeInterface(java.lang.Object, java.lang.Object, java.lang.Object, java.lang.Object)'> (0x00000000a7668f48) 
thrown [s\src\hotspot\share\interpreter\linkResolver.cpp, line 759]
Event: 8.945 Thread 0x00000213f86df610 Exception <a 'java/lang/IncompatibleClassChangeError'{0x00000000a76b0be0}: Found class java.lang.Object, but interface was expected> (0x00000000a76b0be0) 
thrown [s\src\hotspot\share\interpreter\linkResolver.cpp, line 826]
Event: 9.008 Thread 0x00000213f86df610 Implicit null exception at 0x00000213a3fe26d4 to 0x00000213a3fe2880
Event: 9.008 Thread 0x00000213f86df610 Implicit null exception at 0x00000213a4273740 to 0x00000213a427571c

VM Operations (20 events):
Event: 7.752 Executing VM operation: HandshakeAllThreads done
Event: 7.805 Executing VM operation: G1TryInitiateConcMark
Event: 7.809 Executing VM operation: G1TryInitiateConcMark done
Event: 7.843 Executing VM operation: G1PauseRemark
Event: 7.845 Executing VM operation: G1PauseRemark done
Event: 7.864 Executing VM operation: G1PauseCleanup
Event: 7.864 Executing VM operation: G1PauseCleanup done
Event: 8.214 Executing VM operation: G1CollectForAllocation
Event: 8.219 Executing VM operation: G1CollectForAllocation done
Event: 8.457 Executing VM operation: HandshakeAllThreads
Event: 8.457 Executing VM operation: HandshakeAllThreads done
Event: 8.463 Executing VM operation: HandshakeAllThreads
Event: 8.464 Executing VM operation: HandshakeAllThreads done
Event: 8.576 Executing VM operation: G1CollectForAllocation
Event: 8.579 Executing VM operation: G1CollectForAllocation done
Event: 8.609 Executing VM operation: G1PauseRemark
Event: 8.613 Executing VM operation: G1PauseRemark done
Event: 8.627 Executing VM operation: G1PauseCleanup
Event: 8.627 Executing VM operation: G1PauseCleanup done
Event: 9.023 Executing VM operation: G1CollectForAllocation

Events (20 events):
Event: 7.760 Thread 0x00000213b1b69cf0 flushing nmethod 0x000002139cea2e10
Event: 7.760 Thread 0x00000213b1b69cf0 flushing nmethod 0x000002139cea4890
Event: 7.760 Thread 0x00000213b1b69cf0 flushing nmethod 0x000002139cea5790
Event: 7.760 Thread 0x00000213b1b69cf0 flushing nmethod 0x000002139cea5c90
Event: 7.760 Thread 0x00000213b1b69cf0 flushing nmethod 0x000002139cea6410
Event: 7.760 Thread 0x00000213b1b69cf0 flushing nmethod 0x000002139cea6a90
Event: 7.760 Thread 0x00000213b1b69cf0 flushing nmethod 0x000002139cea8190
Event: 7.760 Thread 0x00000213b1b69cf0 flushing nmethod 0x000002139ceb5510
Event: 7.760 Thread 0x00000213b1b69cf0 flushing nmethod 0x000002139cec8690
Event: 7.760 Thread 0x00000213b1b69cf0 flushing nmethod 0x000002139cee0990
Event: 7.761 Thread 0x00000213b1b69cf0 flushing nmethod 0x000002139cf35a90
Event: 7.761 Thread 0x00000213b1b69cf0 flushing nmethod 0x000002139cf56710
Event: 7.761 Thread 0x00000213b1b69cf0 flushing nmethod 0x000002139cf8d290
Event: 7.761 Thread 0x00000213b1b69cf0 flushing nmethod 0x000002139cfd2990
Event: 7.761 Thread 0x00000213b1b69cf0 flushing nmethod 0x000002139cfda590
Event: 7.761 Thread 0x00000213b1b69cf0 flushing nmethod 0x000002139d006e10
Event: 7.761 Thread 0x00000213b1b69cf0 flushing nmethod 0x000002139d008c90
Event: 7.761 Thread 0x00000213b1b69cf0 flushing nmethod 0x000002139d00d710
Event: 7.761 Thread 0x00000213b1b69cf0 flushing nmethod 0x000002139d00eb10
Event: 9.010 Thread 0x00000213fc5e36f0 Thread added: 0x00000213fc5e36f0


Dynamic libraries:
0x00007ff7a4cb0000 - 0x00007ff7a4cbe000 	C:\Users\elena\.jdks\corretto-17.0.12\bin\java.exe
0x00007ffd67410000 - 0x00007ffd67627000 	C:\Windows\SYSTEM32\ntdll.dll
0x00007ffd65ae0000 - 0x00007ffd65ba4000 	C:\Windows\System32\KERNEL32.DLL
0x00007ffd64a50000 - 0x00007ffd64e07000 	C:\Windows\System32\KERNELBASE.dll
0x00007ffd64880000 - 0x00007ffd64991000 	C:\Windows\System32\ucrtbase.dll
0x00007ffd402f0000 - 0x00007ffd4030b000 	C:\Users\elena\.jdks\corretto-17.0.12\bin\VCRUNTIME140.dll
0x00007ffd43c50000 - 0x00007ffd43c67000 	C:\Users\elena\.jdks\corretto-17.0.12\bin\jli.dll
0x00007ffd65420000 - 0x00007ffd655cf000 	C:\Windows\System32\USER32.dll
0x00007ffd498d0000 - 0x00007ffd49b63000 	C:\Windows\WinSxS\amd64_microsoft.windows.common-controls_6595b64144ccf1df_6.0.22621.3672_none_2713b9d173822955\COMCTL32.dll
0x00007ffd64e10000 - 0x00007ffd64e36000 	C:\Windows\System32\win32u.dll
0x00007ffd65fc0000 - 0x00007ffd66067000 	C:\Windows\System32\msvcrt.dll
0x00007ffd65230000 - 0x00007ffd65259000 	C:\Windows\System32\GDI32.dll
0x00007ffd65020000 - 0x00007ffd65138000 	C:\Windows\System32\gdi32full.dll
0x00007ffd64720000 - 0x00007ffd647ba000 	C:\Windows\System32\msvcp_win.dll
0x00007ffd66f60000 - 0x00007ffd66f91000 	C:\Windows\System32\IMM32.DLL
0x00007ffd43b70000 - 0x00007ffd43b7c000 	C:\Users\elena\.jdks\corretto-17.0.12\bin\vcruntime140_1.dll
0x00007ffd03e30000 - 0x00007ffd03ebd000 	C:\Users\elena\.jdks\corretto-17.0.12\bin\msvcp140.dll
0x00007ffcb6110000 - 0x00007ffcb6d7a000 	C:\Users\elena\.jdks\corretto-17.0.12\bin\server\jvm.dll
0x00007ffd66c90000 - 0x00007ffd66d42000 	C:\Windows\System32\ADVAPI32.dll
0x00007ffd66eb0000 - 0x00007ffd66f58000 	C:\Windows\System32\sechost.dll
0x00007ffd649a0000 - 0x00007ffd649c8000 	C:\Windows\System32\bcrypt.dll
0x00007ffd66fa0000 - 0x00007ffd670b4000 	C:\Windows\System32\RPCRT4.dll
0x00007ffd65a60000 - 0x00007ffd65ad1000 	C:\Windows\System32\WS2_32.dll
0x00007ffd63cd0000 - 0x00007ffd63d1d000 	C:\Windows\SYSTEM32\POWRPROF.dll
0x00007ffd5dcc0000 - 0x00007ffd5dcf4000 	C:\Windows\SYSTEM32\WINMM.dll
0x00007ffd5a570000 - 0x00007ffd5a57a000 	C:\Windows\SYSTEM32\VERSION.dll
0x00007ffd63cb0000 - 0x00007ffd63cc3000 	C:\Windows\SYSTEM32\UMPDC.dll
0x00007ffd63730000 - 0x00007ffd63748000 	C:\Windows\SYSTEM32\kernel.appcore.dll
0x00007ffd43060000 - 0x00007ffd4306a000 	C:\Users\elena\.jdks\corretto-17.0.12\bin\jimage.dll
0x00007ffd4b710000 - 0x00007ffd4b942000 	C:\Windows\SYSTEM32\DBGHELP.DLL
0x00007ffd66900000 - 0x00007ffd66c8e000 	C:\Windows\System32\combase.dll
0x00007ffd672f0000 - 0x00007ffd673c7000 	C:\Windows\System32\OLEAUT32.dll
0x00007ffd437b0000 - 0x00007ffd437e2000 	C:\Windows\SYSTEM32\dbgcore.DLL
0x00007ffd649d0000 - 0x00007ffd64a4b000 	C:\Windows\System32\bcryptPrimitives.dll
0x00007ffd2a930000 - 0x00007ffd2a955000 	C:\Users\elena\.jdks\corretto-17.0.12\bin\java.dll
0x00007ffd02be0000 - 0x00007ffd02cb7000 	C:\Users\elena\.jdks\corretto-17.0.12\bin\jsvml.dll
0x00007ffd66070000 - 0x00007ffd668d9000 	C:\Windows\System32\SHELL32.dll
0x00007ffd62640000 - 0x00007ffd62f3f000 	C:\Windows\SYSTEM32\windows.storage.dll
0x00007ffd62500000 - 0x00007ffd6263f000 	C:\Windows\SYSTEM32\wintypes.dll
0x00007ffd65e60000 - 0x00007ffd65f59000 	C:\Windows\System32\SHCORE.dll
0x00007ffd651c0000 - 0x00007ffd6521e000 	C:\Windows\System32\shlwapi.dll
0x00007ffd64650000 - 0x00007ffd64677000 	C:\Windows\SYSTEM32\profapi.dll
0x00007ffd3f6c0000 - 0x00007ffd3f6d9000 	C:\Users\elena\.jdks\corretto-17.0.12\bin\net.dll
0x00007ffd5e040000 - 0x00007ffd5e176000 	C:\Windows\SYSTEM32\WINHTTP.dll
0x00007ffd63c00000 - 0x00007ffd63c69000 	C:\Windows\system32\mswsock.dll
0x00007ffd2ed30000 - 0x00007ffd2ed46000 	C:\Users\elena\.jdks\corretto-17.0.12\bin\nio.dll
0x00007ffd2cd10000 - 0x00007ffd2cd28000 	C:\Users\elena\.jdks\corretto-17.0.12\bin\zip.dll
0x00007ffd400b0000 - 0x00007ffd400c0000 	C:\Users\elena\.jdks\corretto-17.0.12\bin\verify.dll
0x00007ffd5d600000 - 0x00007ffd5d627000 	C:\Users\elena\.gradle\native\68d5fa5c4cc2d200863cafc0d521ce42e7d3e7ee720ec0a83991735586a16f82\windows-amd64\native-platform.dll
0x00007ffd0bd10000 - 0x00007ffd0be54000 	C:\Users\elena\.gradle\native\e376f236ea51e6404a007f0833ffe2c6e607c4080706a723a18a27aeea778392\windows-amd64\native-platform-file-events.dll
0x00007ffd38a80000 - 0x00007ffd38a89000 	C:\Users\elena\.jdks\corretto-17.0.12\bin\management.dll
0x00007ffd34600000 - 0x00007ffd3460b000 	C:\Users\elena\.jdks\corretto-17.0.12\bin\management_ext.dll
0x00007ffd65dc0000 - 0x00007ffd65dc8000 	C:\Windows\System32\PSAPI.DLL
0x00007ffd63fd0000 - 0x00007ffd63feb000 	C:\Windows\SYSTEM32\CRYPTSP.dll
0x00007ffd63690000 - 0x00007ffd636c5000 	C:\Windows\system32\rsaenh.dll
0x00007ffd63d20000 - 0x00007ffd63d48000 	C:\Windows\SYSTEM32\USERENV.dll
0x00007ffd63fb0000 - 0x00007ffd63fbc000 	C:\Windows\SYSTEM32\CRYPTBASE.dll
0x00007ffd631a0000 - 0x00007ffd631cd000 	C:\Windows\SYSTEM32\IPHLPAPI.DLL
0x00007ffd65fb0000 - 0x00007ffd65fb9000 	C:\Windows\System32\NSI.dll
0x00007ffd5f1f0000 - 0x00007ffd5f209000 	C:\Windows\SYSTEM32\dhcpcsvc6.DLL
0x00007ffd5dc70000 - 0x00007ffd5dc8f000 	C:\Windows\SYSTEM32\dhcpcsvc.DLL
0x00007ffd63210000 - 0x00007ffd63312000 	C:\Windows\SYSTEM32\DNSAPI.dll
0x00007ffd311f0000 - 0x00007ffd311f9000 	C:\Users\elena\.jdks\corretto-17.0.12\bin\extnet.dll
0x00007ffd2dc70000 - 0x00007ffd2dc7e000 	C:\Users\elena\.jdks\corretto-17.0.12\bin\sunmscapi.dll
0x00007ffd64eb0000 - 0x00007ffd65016000 	C:\Windows\System32\CRYPT32.dll
0x00007ffd640e0000 - 0x00007ffd6410d000 	C:\Windows\SYSTEM32\ncrypt.dll
0x00007ffd640a0000 - 0x00007ffd640d7000 	C:\Windows\SYSTEM32\NTASN1.dll
0x00007ffd2ce20000 - 0x00007ffd2ce28000 	C:\Windows\system32\wshunix.dll

dbghelp: loaded successfully - version: 4.0.5 - missing functions: none
symbol engine: initialized successfully - sym options: 0x614 - pdb path: .;C:\Users\elena\.jdks\corretto-17.0.12\bin;C:\Windows\SYSTEM32;C:\Windows\WinSxS\amd64_microsoft.windows.common-controls_6595b64144ccf1df_6.0.22621.3672_none_2713b9d173822955;C:\Users\elena\.jdks\corretto-17.0.12\bin\server;C:\Users\elena\.gradle\native\68d5fa5c4cc2d200863cafc0d521ce42e7d3e7ee720ec0a83991735586a16f82\windows-amd64;C:\Users\elena\.gradle\native\e376f236ea51e6404a007f0833ffe2c6e607c4080706a723a18a27aeea778392\windows-amd64

VM Arguments:
jvm_args: --add-opens=java.base/java.util=ALL-UNNAMED --add-opens=java.base/java.lang=ALL-UNNAMED --add-opens=java.base/java.lang.invoke=ALL-UNNAMED --add-opens=java.prefs/java.util.prefs=ALL-UNNAMED --add-opens=java.base/java.nio.charset=ALL-UNNAMED --add-opens=java.base/java.net=ALL-UNNAMED --add-opens=java.base/java.util.concurrent.atomic=ALL-UNNAMED -Xmx1536m -Dfile.encoding=UTF-8 -Duser.country=US -Duser.language=en -Duser.variant 
java_command: org.gradle.launcher.daemon.bootstrap.GradleDaemon 8.0
java_class_path (initial): C:\Users\elena\.gradle\wrapper\dists\gradle-8.0-all\a2o1xoguejy6msdh0lk99lxza\gradle-8.0\lib\gradle-launcher-8.0.jar
Launcher Type: SUN_STANDARD

[Global flags]
     intx CICompilerCount                          = 4                                         {product} {ergonomic}
     uint ConcGCThreads                            = 2                                         {product} {ergonomic}
     uint G1ConcRefinementThreads                  = 8                                         {product} {ergonomic}
   size_t G1HeapRegionSize                         = 1048576                                   {product} {ergonomic}
    uintx GCDrainStackTargetSize                   = 64                                        {product} {ergonomic}
   size_t InitialHeapSize                          = 134217728                                 {product} {ergonomic}
   size_t MarkStackSize                            = 4194304                                   {product} {ergonomic}
   size_t MaxHeapSize                              = 1610612736                                {product} {command line}
   size_t MaxNewSize                               = 965738496                                 {product} {ergonomic}
   size_t MinHeapDeltaBytes                        = 1048576                                   {product} {ergonomic}
   size_t MinHeapSize                              = 8388608                                   {product} {ergonomic}
    uintx NonNMethodCodeHeapSize                   = 5839372                                {pd product} {ergonomic}
    uintx NonProfiledCodeHeapSize                  = 122909434                              {pd product} {ergonomic}
    uintx ProfiledCodeHeapSize                     = 122909434                              {pd product} {ergonomic}
    uintx ReservedCodeCacheSize                    = 251658240                              {pd product} {ergonomic}
     bool SegmentedCodeCache                       = true                                      {product} {ergonomic}
   size_t SoftMaxHeapSize                          = 1610612736                             {manageable} {ergonomic}
     bool UseCompressedClassPointers               = true                           {product lp64_product} {ergonomic}
     bool UseCompressedOops                        = true                           {product lp64_product} {ergonomic}
     bool UseG1GC                                  = true                                      {product} {ergonomic}
     bool UseLargePagesIndividualAllocation        = false                                  {pd product} {ergonomic}

Logging:
Log output configuration:
 #0: stdout all=warning uptime,level,tags
 #1: stderr all=off uptime,level,tags

Environment Variables:
PATH=C:\Program Files (x86)\Common Files\Oracle\Java\javapath;C:\Python312\Scripts\;C:\Python312\;C:\Windows\system32;C:\Windows;C:\Windows\System32\Wbem;C:\Windows\System32\WindowsPowerShell\v1.0\;C:\Windows\System32\OpenSSH\;C:\Program Files (x86)\NVIDIA Corporation\PhysX\Common;C:\Program Files\Git\cmd;C:\ProgramData\chocolatey\bin;C:\Program Files\nodejs\;C:\Program Files (x86)\Windows Kits\10\Windows Performance Toolkit\;C:\Program Files\NVIDIA Corporation\NVIDIA app\NvDLISR;C:\Users\elena\AppData\Local\Microsoft\WindowsApps;C:\Users\elena\AppData\Local\JetBrains\Toolbox\scripts;C:\Users\elena\AppData\Local\Programs\Microsoft VS Code\bin;C:\Users\elena\AppData\Roaming\npm
USERNAME=elena
OS=Windows_NT
PROCESSOR_IDENTIFIER=Intel64 Family 6 Model 142 Stepping 11, GenuineIntel
TMP=C:\Users\elena\AppData\Local\Temp
TEMP=C:\Users\elena\AppData\Local\Temp



Periodic native trim disabled


---------------  S Y S T E M  ---------------

OS:
 Windows 11 , 64 bit Build 22621 (10.0.22621.3958)
OS uptime: 0 days 3:00 hours
Hyper-V role detected

CPU: total 8 (initial active 8) (4 cores per cpu, 2 threads per core) family 6 model 142 stepping 11 microcode 0xec, cx8, cmov, fxsr, ht, mmx, 3dnowpref, sse, sse2, sse3, ssse3, sse4.1, sse4.2, popcnt, lzcnt, tsc, tscinvbit, avx, avx2, aes, erms, clmul, bmi1, bmi2, adx, fma, vzeroupper, clflush, clflushopt, hv
Processor Information for all 8 processors :
  Max Mhz: 1800, Current Mhz: 1600, Mhz Limit: 1584

Memory: 4k page, system-wide physical 8071M (373M free)
TotalPageFile size 16221M (AvailPageFile size 30M)
current process WorkingSet (physical memory assigned to process): 341M, peak: 342M
current process commit charge ("private bytes"): 385M, peak: 413M

vm_info: OpenJDK 64-Bit Server VM (17.0.12+7-LTS) for windows-amd64 JRE (17.0.12+7-LTS), built on Jul 10 2024 20:46:33 by "Administrator" with MS VC++ 16.10 / 16.11 (VS2019)

END.
