#
# There is insufficient memory for the Java Runtime Environment to continue.
# Native memory allocation (malloc) failed to allocate 1418096 bytes. Error detail: Chunk::new
# Possible reasons:
#   The system is out of physical RAM or swap space
#   This process is running with CompressedOops enabled, and the Java Heap may be blocking the growth of the native heap
# Possible solutions:
#   Reduce memory load on the system
#   Increase physical memory or swap space
#   Check if swap backing store is full
#   Decrease Java heap size (-Xmx/-Xms)
#   Decrease number of Java threads
#   Decrease Java thread stack sizes (-Xss)
#   Set larger code cache with -XX:ReservedCodeCacheSize=
#   JVM is running with Unscaled Compressed Oops mode in which the Java heap is
#     placed in the first 4GB address space. The Java Heap base address is the
#     maximum limit for the native heap growth. Please use -XX:HeapBaseMinAddress
#     to set the Java Heap base and to place the Java Heap above 4GB virtual address.
# This output file may be truncated or incomplete.
#
#  Out of Memory Error (arena.cpp:191), pid=864, tid=3624
#
# JRE version: OpenJDK Runtime Environment Corretto-17.0.12.7.1 (17.0.12+7) (build 17.0.12+7-LTS)
# Java VM: OpenJDK 64-Bit Server VM Corretto-17.0.12.7.1 (17.0.12+7-LTS, mixed mode, sharing, tiered, compressed oops, compressed class ptrs, g1 gc, windows-amd64)
# No core dump will be written. Minidumps are not enabled by default on client versions of Windows
#

---------------  S U M M A R Y ------------

Command Line: --add-opens=java.base/java.util=ALL-UNNAMED --add-opens=java.base/java.lang=ALL-UNNAMED --add-opens=java.base/java.lang.invoke=ALL-UNNAMED --add-opens=java.prefs/java.util.prefs=ALL-UNNAMED --add-opens=java.base/java.nio.charset=ALL-UNNAMED --add-opens=java.base/java.net=ALL-UNNAMED --add-opens=java.base/java.util.concurrent.atomic=ALL-UNNAMED -Xmx1536m -Dfile.encoding=UTF-8 -Duser.country=US -Duser.language=en -Duser.variant org.gradle.launcher.daemon.bootstrap.GradleDaemon 8.0

Host: Intel(R) Core(TM) i5-8265U CPU @ 1.60GHz, 8 cores, 7G,  Windows 11 , 64 bit Build 22621 (10.0.22621.3958)
Time: Mon Oct 21 16:36:39 2024 GTB Daylight Time elapsed time: 3.784107 seconds (0d 0h 0m 3s)

---------------  T H R E A D  ---------------

Current thread (0x0000021d7f9921b0):  JavaThread "C2 CompilerThread0" daemon [_thread_in_native, id=3624, stack(0x0000005f12100000,0x0000005f12200000)]


Current CompileTask:
C2:   3784 2313       4       java.net.URLClassLoader$1::run (5 bytes)

Stack: [0x0000005f12100000,0x0000005f12200000]
Native frames: (J=compiled Java code, j=interpreted, Vv=VM code, C=native code)
V  [jvm.dll+0x67f4f9]
V  [jvm.dll+0x836eaa]
V  [jvm.dll+0x83896e]
V  [jvm.dll+0x838fd3]
V  [jvm.dll+0x247f6f]
V  [jvm.dll+0xac9d4]
V  [jvm.dll+0xad01c]
V  [jvm.dll+0x367042]
V  [jvm.dll+0x1bd452]
V  [jvm.dll+0x21a659]
V  [jvm.dll+0x219941]
V  [jvm.dll+0x1a57bd]
V  [jvm.dll+0x22966d]
V  [jvm.dll+0x22781c]
V  [jvm.dll+0x7ebec7]
V  [jvm.dll+0x7e62ac]
V  [jvm.dll+0x67e3c7]
C  [ucrtbase.dll+0x29333]
C  [KERNEL32.DLL+0x1257d]
C  [ntdll.dll+0x5af08]


---------------  P R O C E S S  ---------------

Threads class SMR info:
_java_thread_list=0x0000021d5844db00, length=27, elements={
0x0000021d73807e10, 0x0000021d7f974aa0, 0x0000021d7f975920, 0x0000021d7f986230,
0x0000021d7f987f60, 0x0000021d7f98aa30, 0x0000021d7f98b3f0, 0x0000021d7f9921b0,
0x0000021d7f992c60, 0x0000021d7f99ba70, 0x0000021d7fbd8210, 0x0000021d7fbda700,
0x0000021d571b8d80, 0x0000021d5758c630, 0x0000021d564590e0, 0x0000021d56a3a700,
0x0000021d56fef100, 0x0000021d574d0450, 0x0000021d565cfe30, 0x0000021d565cf920,
0x0000021d565d26b0, 0x0000021d565d0340, 0x0000021d565d1c90, 0x0000021d565d30d0,
0x0000021d565d21a0, 0x0000021d565d2bc0, 0x0000021d57c63520
}

Java Threads: ( => current thread )
  0x0000021d73807e10 JavaThread "main" [_thread_blocked, id=17428, stack(0x0000005f11400000,0x0000005f11500000)]
  0x0000021d7f974aa0 JavaThread "Reference Handler" daemon [_thread_blocked, id=17972, stack(0x0000005f11b00000,0x0000005f11c00000)]
  0x0000021d7f975920 JavaThread "Finalizer" daemon [_thread_blocked, id=13296, stack(0x0000005f11c00000,0x0000005f11d00000)]
  0x0000021d7f986230 JavaThread "Signal Dispatcher" daemon [_thread_blocked, id=3040, stack(0x0000005f11d00000,0x0000005f11e00000)]
  0x0000021d7f987f60 JavaThread "Attach Listener" daemon [_thread_blocked, id=168, stack(0x0000005f11e00000,0x0000005f11f00000)]
  0x0000021d7f98aa30 JavaThread "Service Thread" daemon [_thread_blocked, id=18112, stack(0x0000005f11f00000,0x0000005f12000000)]
  0x0000021d7f98b3f0 JavaThread "Monitor Deflation Thread" daemon [_thread_blocked, id=13796, stack(0x0000005f12000000,0x0000005f12100000)]
=>0x0000021d7f9921b0 JavaThread "C2 CompilerThread0" daemon [_thread_in_native, id=3624, stack(0x0000005f12100000,0x0000005f12200000)]
  0x0000021d7f992c60 JavaThread "C1 CompilerThread0" daemon [_thread_blocked, id=17752, stack(0x0000005f12200000,0x0000005f12300000)]
  0x0000021d7f99ba70 JavaThread "Sweeper thread" daemon [_thread_blocked, id=13328, stack(0x0000005f12300000,0x0000005f12400000)]
  0x0000021d7fbd8210 JavaThread "Common-Cleaner" daemon [_thread_blocked, id=14252, stack(0x0000005f12400000,0x0000005f12500000)]
  0x0000021d7fbda700 JavaThread "Notification Thread" daemon [_thread_blocked, id=18096, stack(0x0000005f12500000,0x0000005f12600000)]
  0x0000021d571b8d80 JavaThread "Daemon health stats" [_thread_blocked, id=14484, stack(0x0000005f12b00000,0x0000005f12c00000)]
  0x0000021d5758c630 JavaThread "Incoming local TCP Connector on port 54011" [_thread_in_native, id=11912, stack(0x0000005f12c00000,0x0000005f12d00000)]
  0x0000021d564590e0 JavaThread "Daemon periodic checks" [_thread_blocked, id=18356, stack(0x0000005f12d00000,0x0000005f12e00000)]
  0x0000021d56a3a700 JavaThread "Daemon" [_thread_blocked, id=18296, stack(0x0000005f12e00000,0x0000005f12f00000)]
  0x0000021d56fef100 JavaThread "Handler for socket connection from /127.0.0.1:54011 to /127.0.0.1:54012" [_thread_in_native, id=5208, stack(0x0000005f12f00000,0x0000005f13000000)]
  0x0000021d574d0450 JavaThread "Cancel handler" [_thread_blocked, id=2364, stack(0x0000005f13000000,0x0000005f13100000)]
  0x0000021d565cfe30 JavaThread "Daemon worker" [_thread_blocked, id=16156, stack(0x0000005f13100000,0x0000005f13200000)]
  0x0000021d565cf920 JavaThread "Asynchronous log dispatcher for DefaultDaemonConnection: socket connection from /127.0.0.1:54011 to /127.0.0.1:54012" [_thread_blocked, id=19944, stack(0x0000005f13200000,0x0000005f13300000)]
  0x0000021d565d26b0 JavaThread "Stdin handler" [_thread_blocked, id=17956, stack(0x0000005f13300000,0x0000005f13400000)]
  0x0000021d565d0340 JavaThread "Daemon client event forwarder" [_thread_blocked, id=18464, stack(0x0000005f13400000,0x0000005f13500000)]
  0x0000021d565d1c90 JavaThread "Cache worker for journal cache (C:\Users\elena\.gradle\caches\journal-1)" [_thread_blocked, id=2800, stack(0x0000005f13500000,0x0000005f13600000)]
  0x0000021d565d30d0 JavaThread "File lock request listener" [_thread_in_native, id=14756, stack(0x0000005f13600000,0x0000005f13700000)]
  0x0000021d565d21a0 JavaThread "Cache worker for file hash cache (C:\Users\elena\.gradle\caches\8.0\fileHashes)" [_thread_in_vm, id=18364, stack(0x0000005f13700000,0x0000005f13800000)]
  0x0000021d565d2bc0 JavaThread "File watcher server" daemon [_thread_in_native, id=17940, stack(0x0000005f13b00000,0x0000005f13c00000)]
  0x0000021d57c63520 JavaThread "File watcher consumer" daemon [_thread_blocked, id=19512, stack(0x0000005f13c00000,0x0000005f13d00000)]

Other Threads:
  0x0000021d7f96fa90 VMThread "VM Thread" [stack: 0x0000005f11a00000,0x0000005f11b00000] [id=16900]
  0x0000021d7fbe0c00 WatcherThread [stack: 0x0000005f12600000,0x0000005f12700000] [id=4388]
  0x0000021d73854ab0 GCTaskThread "GC Thread#0" [stack: 0x0000005f11500000,0x0000005f11600000] [id=10872]
  0x0000021d561c3c70 GCTaskThread "GC Thread#1" [stack: 0x0000005f12700000,0x0000005f12800000] [id=14688]
  0x0000021d5699c0e0 GCTaskThread "GC Thread#2" [stack: 0x0000005f12800000,0x0000005f12900000] [id=2328]
  0x0000021d567c4140 GCTaskThread "GC Thread#3" [stack: 0x0000005f12900000,0x0000005f12a00000] [id=468]
  0x0000021d5617c880 GCTaskThread "GC Thread#4" [stack: 0x0000005f12a00000,0x0000005f12b00000] [id=13564]
  0x0000021d57cc4260 GCTaskThread "GC Thread#5" [stack: 0x0000005f13800000,0x0000005f13900000] [id=15788]
  0x0000021d57ffd020 GCTaskThread "GC Thread#6" [stack: 0x0000005f13900000,0x0000005f13a00000] [id=14084]
  0x0000021d577aebc0 GCTaskThread "GC Thread#7" [stack: 0x0000005f13a00000,0x0000005f13b00000] [id=17272]
  0x0000021d73861a00 ConcurrentGCThread "G1 Main Marker" [stack: 0x0000005f11600000,0x0000005f11700000] [id=18452]
  0x0000021d73862420 ConcurrentGCThread "G1 Conc#0" [stack: 0x0000005f11700000,0x0000005f11800000] [id=2156]
  0x0000021d738bdd10 ConcurrentGCThread "G1 Refine#0" [stack: 0x0000005f11800000,0x0000005f11900000] [id=20464]
  0x0000021d738be740 ConcurrentGCThread "G1 Service" [stack: 0x0000005f11900000,0x0000005f11a00000] [id=19684]

Threads with active compile tasks:
C2 CompilerThread0     3839 2313       4       java.net.URLClassLoader$1::run (5 bytes)

VM state: not at safepoint (normal execution)

VM Mutex/Monitor currently owned by a thread: None

Heap address: 0x00000000a0000000, size: 1536 MB, Compressed Oops mode: 32-bit

CDS archive(s) mapped at: [0x0000021d11000000-0x0000021d11bb0000-0x0000021d11bb0000), size 12255232, SharedBaseAddress: 0x0000021d11000000, ArchiveRelocationMode: 1.
Compressed class space mapped at: 0x0000021d12000000-0x0000021d52000000, reserved size: 1073741824
Narrow klass base: 0x0000021d11000000, Narrow klass shift: 0, Narrow klass range: 0x100000000

GC Precious Log:
 CPUs: 8 total, 8 available
 Memory: 8071M
 Large Page Support: Disabled
 NUMA Support: Disabled
 Compressed Oops: Enabled (32-bit)
 Heap Region Size: 1M
 Heap Min Capacity: 8M
 Heap Initial Capacity: 128M
 Heap Max Capacity: 1536M
 Pre-touch: Disabled
 Parallel Workers: 8
 Concurrent Workers: 2
 Concurrent Refinement Workers: 8
 Periodic GC: Disabled

Heap:
 garbage-first heap   total 131072K, used 31744K [0x00000000a0000000, 0x0000000100000000)
  region size 1024K, 22 young (22528K), 10 survivors (10240K)
 Metaspace       used 19376K, committed 19712K, reserved 1114112K
  class space    used 2891K, committed 3072K, reserved 1048576K

Heap Regions: E=young(eden), S=young(survivor), O=old, HS=humongous(starts), HC=humongous(continues), CS=collection set, F=free, OA=open archive, CA=closed archive, TAMS=top-at-mark-start (previous, next)
|   0|0x00000000a0000000, 0x00000000a0100000, 0x00000000a0100000|100%|HS|  |TAMS 0x00000000a0000000, 0x00000000a0000000| Complete 
|   1|0x00000000a0100000, 0x00000000a0200000, 0x00000000a0200000|100%|HC|  |TAMS 0x00000000a0100000, 0x00000000a0100000| Complete 
|   2|0x00000000a0200000, 0x00000000a0300000, 0x00000000a0300000|100%|HC|  |TAMS 0x00000000a0200000, 0x00000000a0200000| Complete 
|   3|0x00000000a0300000, 0x00000000a0400000, 0x00000000a0400000|100%|HC|  |TAMS 0x00000000a0300000, 0x00000000a0300000| Complete 
|   4|0x00000000a0400000, 0x00000000a0500000, 0x00000000a0500000|100%| O|  |TAMS 0x00000000a0400000, 0x00000000a0400000| Untracked 
|   5|0x00000000a0500000, 0x00000000a0600000, 0x00000000a0600000|100%| O|  |TAMS 0x00000000a0500000, 0x00000000a0500000| Untracked 
|   6|0x00000000a0600000, 0x00000000a0700000, 0x00000000a0700000|100%| O|  |TAMS 0x00000000a0600000, 0x00000000a0600000| Untracked 
|   7|0x00000000a0700000, 0x00000000a0700000, 0x00000000a0800000|  0%| F|  |TAMS 0x00000000a0700000, 0x00000000a0700000| Untracked 
|   8|0x00000000a0800000, 0x00000000a0900000, 0x00000000a0900000|100%| O|  |TAMS 0x00000000a0800000, 0x00000000a0800000| Untracked 
|   9|0x00000000a0900000, 0x00000000a0a00000, 0x00000000a0a00000|100%| O|  |TAMS 0x00000000a0900000, 0x00000000a0900000| Untracked 
|  10|0x00000000a0a00000, 0x00000000a0b00000, 0x00000000a0b00000|100%| O|  |TAMS 0x00000000a0a00000, 0x00000000a0a00000| Untracked 
|  11|0x00000000a0b00000, 0x00000000a0b00000, 0x00000000a0c00000|  0%| F|  |TAMS 0x00000000a0b00000, 0x00000000a0b00000| Untracked 
|  12|0x00000000a0c00000, 0x00000000a0c00000, 0x00000000a0d00000|  0%| F|  |TAMS 0x00000000a0c00000, 0x00000000a0c00000| Untracked 
|  13|0x00000000a0d00000, 0x00000000a0d00000, 0x00000000a0e00000|  0%| F|  |TAMS 0x00000000a0d00000, 0x00000000a0d00000| Untracked 
|  14|0x00000000a0e00000, 0x00000000a0e00000, 0x00000000a0f00000|  0%| F|  |TAMS 0x00000000a0e00000, 0x00000000a0e00000| Untracked 
|  15|0x00000000a0f00000, 0x00000000a0f00000, 0x00000000a1000000|  0%| F|  |TAMS 0x00000000a0f00000, 0x00000000a0f00000| Untracked 
|  16|0x00000000a1000000, 0x00000000a1000000, 0x00000000a1100000|  0%| F|  |TAMS 0x00000000a1000000, 0x00000000a1000000| Untracked 
|  17|0x00000000a1100000, 0x00000000a1100000, 0x00000000a1200000|  0%| F|  |TAMS 0x00000000a1100000, 0x00000000a1100000| Untracked 
|  18|0x00000000a1200000, 0x00000000a1200000, 0x00000000a1300000|  0%| F|  |TAMS 0x00000000a1200000, 0x00000000a1200000| Untracked 
|  19|0x00000000a1300000, 0x00000000a1300000, 0x00000000a1400000|  0%| F|  |TAMS 0x00000000a1300000, 0x00000000a1300000| Untracked 
|  20|0x00000000a1400000, 0x00000000a1400000, 0x00000000a1500000|  0%| F|  |TAMS 0x00000000a1400000, 0x00000000a1400000| Untracked 
|  21|0x00000000a1500000, 0x00000000a1500000, 0x00000000a1600000|  0%| F|  |TAMS 0x00000000a1500000, 0x00000000a1500000| Untracked 
|  22|0x00000000a1600000, 0x00000000a1600000, 0x00000000a1700000|  0%| F|  |TAMS 0x00000000a1600000, 0x00000000a1600000| Untracked 
|  23|0x00000000a1700000, 0x00000000a1700000, 0x00000000a1800000|  0%| F|  |TAMS 0x00000000a1700000, 0x00000000a1700000| Untracked 
|  24|0x00000000a1800000, 0x00000000a1800000, 0x00000000a1900000|  0%| F|  |TAMS 0x00000000a1800000, 0x00000000a1800000| Untracked 
|  25|0x00000000a1900000, 0x00000000a1900000, 0x00000000a1a00000|  0%| F|  |TAMS 0x00000000a1900000, 0x00000000a1900000| Untracked 
|  26|0x00000000a1a00000, 0x00000000a1a00000, 0x00000000a1b00000|  0%| F|  |TAMS 0x00000000a1a00000, 0x00000000a1a00000| Untracked 
|  27|0x00000000a1b00000, 0x00000000a1b00000, 0x00000000a1c00000|  0%| F|  |TAMS 0x00000000a1b00000, 0x00000000a1b00000| Untracked 
|  28|0x00000000a1c00000, 0x00000000a1c00000, 0x00000000a1d00000|  0%| F|  |TAMS 0x00000000a1c00000, 0x00000000a1c00000| Untracked 
|  29|0x00000000a1d00000, 0x00000000a1d00000, 0x00000000a1e00000|  0%| F|  |TAMS 0x00000000a1d00000, 0x00000000a1d00000| Untracked 
|  30|0x00000000a1e00000, 0x00000000a1e00000, 0x00000000a1f00000|  0%| F|  |TAMS 0x00000000a1e00000, 0x00000000a1e00000| Untracked 
|  31|0x00000000a1f00000, 0x00000000a1f00000, 0x00000000a2000000|  0%| F|  |TAMS 0x00000000a1f00000, 0x00000000a1f00000| Untracked 
|  32|0x00000000a2000000, 0x00000000a2000000, 0x00000000a2100000|  0%| F|  |TAMS 0x00000000a2000000, 0x00000000a2000000| Untracked 
|  33|0x00000000a2100000, 0x00000000a2100000, 0x00000000a2200000|  0%| F|  |TAMS 0x00000000a2100000, 0x00000000a2100000| Untracked 
|  34|0x00000000a2200000, 0x00000000a2200000, 0x00000000a2300000|  0%| F|  |TAMS 0x00000000a2200000, 0x00000000a2200000| Untracked 
|  35|0x00000000a2300000, 0x00000000a2300000, 0x00000000a2400000|  0%| F|  |TAMS 0x00000000a2300000, 0x00000000a2300000| Untracked 
|  36|0x00000000a2400000, 0x00000000a2400000, 0x00000000a2500000|  0%| F|  |TAMS 0x00000000a2400000, 0x00000000a2400000| Untracked 
|  37|0x00000000a2500000, 0x00000000a2500000, 0x00000000a2600000|  0%| F|  |TAMS 0x00000000a2500000, 0x00000000a2500000| Untracked 
|  38|0x00000000a2600000, 0x00000000a2600000, 0x00000000a2700000|  0%| F|  |TAMS 0x00000000a2600000, 0x00000000a2600000| Untracked 
|  39|0x00000000a2700000, 0x00000000a2700000, 0x00000000a2800000|  0%| F|  |TAMS 0x00000000a2700000, 0x00000000a2700000| Untracked 
|  40|0x00000000a2800000, 0x00000000a2800000, 0x00000000a2900000|  0%| F|  |TAMS 0x00000000a2800000, 0x00000000a2800000| Untracked 
|  41|0x00000000a2900000, 0x00000000a2900000, 0x00000000a2a00000|  0%| F|  |TAMS 0x00000000a2900000, 0x00000000a2900000| Untracked 
|  42|0x00000000a2a00000, 0x00000000a2b00000, 0x00000000a2b00000|100%| S|CS|TAMS 0x00000000a2a00000, 0x00000000a2a00000| Complete 
|  43|0x00000000a2b00000, 0x00000000a2c00000, 0x00000000a2c00000|100%| S|CS|TAMS 0x00000000a2b00000, 0x00000000a2b00000| Complete 
|  44|0x00000000a2c00000, 0x00000000a2d00000, 0x00000000a2d00000|100%| S|CS|TAMS 0x00000000a2c00000, 0x00000000a2c00000| Complete 
|  45|0x00000000a2d00000, 0x00000000a2e00000, 0x00000000a2e00000|100%| S|CS|TAMS 0x00000000a2d00000, 0x00000000a2d00000| Complete 
|  46|0x00000000a2e00000, 0x00000000a2f00000, 0x00000000a2f00000|100%| S|CS|TAMS 0x00000000a2e00000, 0x00000000a2e00000| Complete 
|  47|0x00000000a2f00000, 0x00000000a3000000, 0x00000000a3000000|100%| S|CS|TAMS 0x00000000a2f00000, 0x00000000a2f00000| Complete 
|  48|0x00000000a3000000, 0x00000000a3100000, 0x00000000a3100000|100%| S|CS|TAMS 0x00000000a3000000, 0x00000000a3000000| Complete 
|  49|0x00000000a3100000, 0x00000000a3200000, 0x00000000a3200000|100%| S|CS|TAMS 0x00000000a3100000, 0x00000000a3100000| Complete 
|  50|0x00000000a3200000, 0x00000000a3300000, 0x00000000a3300000|100%| S|CS|TAMS 0x00000000a3200000, 0x00000000a3200000| Complete 
|  51|0x00000000a3300000, 0x00000000a3400000, 0x00000000a3400000|100%| S|CS|TAMS 0x00000000a3300000, 0x00000000a3300000| Complete 
|  52|0x00000000a3400000, 0x00000000a3400000, 0x00000000a3500000|  0%| F|  |TAMS 0x00000000a3400000, 0x00000000a3400000| Untracked 
|  53|0x00000000a3500000, 0x00000000a3500000, 0x00000000a3600000|  0%| F|  |TAMS 0x00000000a3500000, 0x00000000a3500000| Untracked 
|  54|0x00000000a3600000, 0x00000000a3600000, 0x00000000a3700000|  0%| F|  |TAMS 0x00000000a3600000, 0x00000000a3600000| Untracked 
|  55|0x00000000a3700000, 0x00000000a3700000, 0x00000000a3800000|  0%| F|  |TAMS 0x00000000a3700000, 0x00000000a3700000| Untracked 
|  56|0x00000000a3800000, 0x00000000a3800000, 0x00000000a3900000|  0%| F|  |TAMS 0x00000000a3800000, 0x00000000a3800000| Untracked 
|  57|0x00000000a3900000, 0x00000000a3900000, 0x00000000a3a00000|  0%| F|  |TAMS 0x00000000a3900000, 0x00000000a3900000| Untracked 
|  58|0x00000000a3a00000, 0x00000000a3a00000, 0x00000000a3b00000|  0%| F|  |TAMS 0x00000000a3a00000, 0x00000000a3a00000| Untracked 
|  59|0x00000000a3b00000, 0x00000000a3b00000, 0x00000000a3c00000|  0%| F|  |TAMS 0x00000000a3b00000, 0x00000000a3b00000| Untracked 
|  60|0x00000000a3c00000, 0x00000000a3c00000, 0x00000000a3d00000|  0%| F|  |TAMS 0x00000000a3c00000, 0x00000000a3c00000| Untracked 
|  61|0x00000000a3d00000, 0x00000000a3d00000, 0x00000000a3e00000|  0%| F|  |TAMS 0x00000000a3d00000, 0x00000000a3d00000| Untracked 
|  62|0x00000000a3e00000, 0x00000000a3e00000, 0x00000000a3f00000|  0%| F|  |TAMS 0x00000000a3e00000, 0x00000000a3e00000| Untracked 
|  63|0x00000000a3f00000, 0x00000000a3f00000, 0x00000000a4000000|  0%| F|  |TAMS 0x00000000a3f00000, 0x00000000a3f00000| Untracked 
|  64|0x00000000a4000000, 0x00000000a4000000, 0x00000000a4100000|  0%| F|  |TAMS 0x00000000a4000000, 0x00000000a4000000| Untracked 
|  65|0x00000000a4100000, 0x00000000a4100000, 0x00000000a4200000|  0%| F|  |TAMS 0x00000000a4100000, 0x00000000a4100000| Untracked 
|  66|0x00000000a4200000, 0x00000000a4200000, 0x00000000a4300000|  0%| F|  |TAMS 0x00000000a4200000, 0x00000000a4200000| Untracked 
|  67|0x00000000a4300000, 0x00000000a4300000, 0x00000000a4400000|  0%| F|  |TAMS 0x00000000a4300000, 0x00000000a4300000| Untracked 
|  68|0x00000000a4400000, 0x00000000a4400000, 0x00000000a4500000|  0%| F|  |TAMS 0x00000000a4400000, 0x00000000a4400000| Untracked 
|  69|0x00000000a4500000, 0x00000000a4500000, 0x00000000a4600000|  0%| F|  |TAMS 0x00000000a4500000, 0x00000000a4500000| Untracked 
|  70|0x00000000a4600000, 0x00000000a4600000, 0x00000000a4700000|  0%| F|  |TAMS 0x00000000a4600000, 0x00000000a4600000| Untracked 
|  71|0x00000000a4700000, 0x00000000a4700000, 0x00000000a4800000|  0%| F|  |TAMS 0x00000000a4700000, 0x00000000a4700000| Untracked 
|  72|0x00000000a4800000, 0x00000000a4800000, 0x00000000a4900000|  0%| F|  |TAMS 0x00000000a4800000, 0x00000000a4800000| Untracked 
|  73|0x00000000a4900000, 0x00000000a4900000, 0x00000000a4a00000|  0%| F|  |TAMS 0x00000000a4900000, 0x00000000a4900000| Untracked 
|  74|0x00000000a4a00000, 0x00000000a4a00000, 0x00000000a4b00000|  0%| F|  |TAMS 0x00000000a4a00000, 0x00000000a4a00000| Untracked 
|  75|0x00000000a4b00000, 0x00000000a4b00000, 0x00000000a4c00000|  0%| F|  |TAMS 0x00000000a4b00000, 0x00000000a4b00000| Untracked 
|  76|0x00000000a4c00000, 0x00000000a4c00000, 0x00000000a4d00000|  0%| F|  |TAMS 0x00000000a4c00000, 0x00000000a4c00000| Untracked 
|  77|0x00000000a4d00000, 0x00000000a4d00000, 0x00000000a4e00000|  0%| F|  |TAMS 0x00000000a4d00000, 0x00000000a4d00000| Untracked 
|  78|0x00000000a4e00000, 0x00000000a4e00000, 0x00000000a4f00000|  0%| F|  |TAMS 0x00000000a4e00000, 0x00000000a4e00000| Untracked 
|  79|0x00000000a4f00000, 0x00000000a4f00000, 0x00000000a5000000|  0%| F|  |TAMS 0x00000000a4f00000, 0x00000000a4f00000| Untracked 
|  80|0x00000000a5000000, 0x00000000a5000000, 0x00000000a5100000|  0%| F|  |TAMS 0x00000000a5000000, 0x00000000a5000000| Untracked 
|  81|0x00000000a5100000, 0x00000000a5100000, 0x00000000a5200000|  0%| F|  |TAMS 0x00000000a5100000, 0x00000000a5100000| Untracked 
|  82|0x00000000a5200000, 0x00000000a5200000, 0x00000000a5300000|  0%| F|  |TAMS 0x00000000a5200000, 0x00000000a5200000| Untracked 
|  83|0x00000000a5300000, 0x00000000a5300000, 0x00000000a5400000|  0%| F|  |TAMS 0x00000000a5300000, 0x00000000a5300000| Untracked 
|  84|0x00000000a5400000, 0x00000000a5400000, 0x00000000a5500000|  0%| F|  |TAMS 0x00000000a5400000, 0x00000000a5400000| Untracked 
|  85|0x00000000a5500000, 0x00000000a5500000, 0x00000000a5600000|  0%| F|  |TAMS 0x00000000a5500000, 0x00000000a5500000| Untracked 
|  86|0x00000000a5600000, 0x00000000a5600000, 0x00000000a5700000|  0%| F|  |TAMS 0x00000000a5600000, 0x00000000a5600000| Untracked 
|  87|0x00000000a5700000, 0x00000000a5700000, 0x00000000a5800000|  0%| F|  |TAMS 0x00000000a5700000, 0x00000000a5700000| Untracked 
|  88|0x00000000a5800000, 0x00000000a5800000, 0x00000000a5900000|  0%| F|  |TAMS 0x00000000a5800000, 0x00000000a5800000| Untracked 
|  89|0x00000000a5900000, 0x00000000a5900000, 0x00000000a5a00000|  0%| F|  |TAMS 0x00000000a5900000, 0x00000000a5900000| Untracked 
|  90|0x00000000a5a00000, 0x00000000a5a00000, 0x00000000a5b00000|  0%| F|  |TAMS 0x00000000a5a00000, 0x00000000a5a00000| Untracked 
|  91|0x00000000a5b00000, 0x00000000a5b00000, 0x00000000a5c00000|  0%| F|  |TAMS 0x00000000a5b00000, 0x00000000a5b00000| Untracked 
|  92|0x00000000a5c00000, 0x00000000a5c00000, 0x00000000a5d00000|  0%| F|  |TAMS 0x00000000a5c00000, 0x00000000a5c00000| Untracked 
|  93|0x00000000a5d00000, 0x00000000a5d00000, 0x00000000a5e00000|  0%| F|  |TAMS 0x00000000a5d00000, 0x00000000a5d00000| Untracked 
|  94|0x00000000a5e00000, 0x00000000a5e00000, 0x00000000a5f00000|  0%| F|  |TAMS 0x00000000a5e00000, 0x00000000a5e00000| Untracked 
|  95|0x00000000a5f00000, 0x00000000a5f00000, 0x00000000a6000000|  0%| F|  |TAMS 0x00000000a5f00000, 0x00000000a5f00000| Untracked 
|  96|0x00000000a6000000, 0x00000000a6000000, 0x00000000a6100000|  0%| F|  |TAMS 0x00000000a6000000, 0x00000000a6000000| Untracked 
|  97|0x00000000a6100000, 0x00000000a6100000, 0x00000000a6200000|  0%| F|  |TAMS 0x00000000a6100000, 0x00000000a6100000| Untracked 
|  98|0x00000000a6200000, 0x00000000a6200000, 0x00000000a6300000|  0%| F|  |TAMS 0x00000000a6200000, 0x00000000a6200000| Untracked 
|  99|0x00000000a6300000, 0x00000000a6300000, 0x00000000a6400000|  0%| F|  |TAMS 0x00000000a6300000, 0x00000000a6300000| Untracked 
| 100|0x00000000a6400000, 0x00000000a6400000, 0x00000000a6500000|  0%| F|  |TAMS 0x00000000a6400000, 0x00000000a6400000| Untracked 
| 101|0x00000000a6500000, 0x00000000a6500000, 0x00000000a6600000|  0%| F|  |TAMS 0x00000000a6500000, 0x00000000a6500000| Untracked 
| 102|0x00000000a6600000, 0x00000000a6600000, 0x00000000a6700000|  0%| F|  |TAMS 0x00000000a6600000, 0x00000000a6600000| Untracked 
| 103|0x00000000a6700000, 0x00000000a6700000, 0x00000000a6800000|  0%| F|  |TAMS 0x00000000a6700000, 0x00000000a6700000| Untracked 
| 104|0x00000000a6800000, 0x00000000a6800000, 0x00000000a6900000|  0%| F|  |TAMS 0x00000000a6800000, 0x00000000a6800000| Untracked 
| 105|0x00000000a6900000, 0x00000000a6900000, 0x00000000a6a00000|  0%| F|  |TAMS 0x00000000a6900000, 0x00000000a6900000| Untracked 
| 106|0x00000000a6a00000, 0x00000000a6a00000, 0x00000000a6b00000|  0%| F|  |TAMS 0x00000000a6a00000, 0x00000000a6a00000| Untracked 
| 107|0x00000000a6b00000, 0x00000000a6b00000, 0x00000000a6c00000|  0%| F|  |TAMS 0x00000000a6b00000, 0x00000000a6b00000| Untracked 
| 108|0x00000000a6c00000, 0x00000000a6c00000, 0x00000000a6d00000|  0%| F|  |TAMS 0x00000000a6c00000, 0x00000000a6c00000| Untracked 
| 109|0x00000000a6d00000, 0x00000000a6d00000, 0x00000000a6e00000|  0%| F|  |TAMS 0x00000000a6d00000, 0x00000000a6d00000| Untracked 
| 110|0x00000000a6e00000, 0x00000000a6e00000, 0x00000000a6f00000|  0%| F|  |TAMS 0x00000000a6e00000, 0x00000000a6e00000| Untracked 
| 111|0x00000000a6f00000, 0x00000000a6f00000, 0x00000000a7000000|  0%| F|  |TAMS 0x00000000a6f00000, 0x00000000a6f00000| Untracked 
| 112|0x00000000a7000000, 0x00000000a7000000, 0x00000000a7100000|  0%| F|  |TAMS 0x00000000a7000000, 0x00000000a7000000| Untracked 
| 113|0x00000000a7100000, 0x00000000a7100000, 0x00000000a7200000|  0%| F|  |TAMS 0x00000000a7100000, 0x00000000a7100000| Untracked 
| 114|0x00000000a7200000, 0x00000000a7200000, 0x00000000a7300000|  0%| F|  |TAMS 0x00000000a7200000, 0x00000000a7200000| Untracked 
| 115|0x00000000a7300000, 0x00000000a7300000, 0x00000000a7400000|  0%| F|  |TAMS 0x00000000a7300000, 0x00000000a7300000| Untracked 
| 116|0x00000000a7400000, 0x00000000a7439810, 0x00000000a7500000| 22%| E|  |TAMS 0x00000000a7400000, 0x00000000a7400000| Complete 
| 117|0x00000000a7500000, 0x00000000a7600000, 0x00000000a7600000|100%| E|CS|TAMS 0x00000000a7500000, 0x00000000a7500000| Complete 
| 118|0x00000000a7600000, 0x00000000a7700000, 0x00000000a7700000|100%| E|CS|TAMS 0x00000000a7600000, 0x00000000a7600000| Complete 
| 119|0x00000000a7700000, 0x00000000a7800000, 0x00000000a7800000|100%| E|CS|TAMS 0x00000000a7700000, 0x00000000a7700000| Complete 
| 120|0x00000000a7800000, 0x00000000a7900000, 0x00000000a7900000|100%| E|CS|TAMS 0x00000000a7800000, 0x00000000a7800000| Complete 
| 121|0x00000000a7900000, 0x00000000a7a00000, 0x00000000a7a00000|100%| E|CS|TAMS 0x00000000a7900000, 0x00000000a7900000| Complete 
| 122|0x00000000a7a00000, 0x00000000a7b00000, 0x00000000a7b00000|100%| E|CS|TAMS 0x00000000a7a00000, 0x00000000a7a00000| Complete 
| 123|0x00000000a7b00000, 0x00000000a7c00000, 0x00000000a7c00000|100%| E|CS|TAMS 0x00000000a7b00000, 0x00000000a7b00000| Complete 
| 124|0x00000000a7c00000, 0x00000000a7d00000, 0x00000000a7d00000|100%| E|CS|TAMS 0x00000000a7c00000, 0x00000000a7c00000| Complete 
| 125|0x00000000a7d00000, 0x00000000a7e00000, 0x00000000a7e00000|100%| E|CS|TAMS 0x00000000a7d00000, 0x00000000a7d00000| Complete 
| 126|0x00000000a7e00000, 0x00000000a7f00000, 0x00000000a7f00000|100%| E|CS|TAMS 0x00000000a7e00000, 0x00000000a7e00000| Complete 
| 127|0x00000000a7f00000, 0x00000000a8000000, 0x00000000a8000000|100%| E|CS|TAMS 0x00000000a7f00000, 0x00000000a7f00000| Complete 

Card table byte_map: [0x0000021d7b970000,0x0000021d7bc70000] _byte_map_base: 0x0000021d7b470000

Marking Bits (Prev, Next): (CMBitMap*) 0x0000021d738550d0, (CMBitMap*) 0x0000021d73855110
 Prev Bits: [0x0000021d7bf70000, 0x0000021d7d770000)
 Next Bits: [0x0000021d7d770000, 0x0000021d7ef70000)

Polling page: 0x0000021d717c0000

Metaspace:

Usage:
  Non-class:     16.13 MB used.
      Class:      2.83 MB used.
       Both:     18.96 MB used.

Virtual space:
  Non-class space:       64.00 MB reserved,      16.25 MB ( 25%) committed,  1 nodes.
      Class space:        1.00 GB reserved,       3.00 MB ( <1%) committed,  1 nodes.
             Both:        1.06 GB reserved,      19.25 MB (  2%) committed. 

Chunk freelists:
   Non-Class:  15.38 MB
       Class:  13.04 MB
        Both:  28.42 MB

MaxMetaspaceSize: unlimited
CompressedClassSpaceSize: 1.00 GB
Initial GC threshold: 21.00 MB
Current GC threshold: 21.00 MB
CDS: on
MetaspaceReclaimPolicy: balanced
 - commit_granule_bytes: 65536.
 - commit_granule_words: 8192.
 - virtual_space_node_default_size: 8388608.
 - enlarge_chunks_in_place: 1.
 - new_chunks_are_fully_committed: 0.
 - uncommit_free_chunks: 1.
 - use_allocation_guard: 0.
 - handle_deallocations: 1.


Internal statistics:

num_allocs_failed_limit: 0.
num_arena_births: 264.
num_arena_deaths: 0.
num_vsnodes_births: 2.
num_vsnodes_deaths: 0.
num_space_committed: 308.
num_space_uncommitted: 0.
num_chunks_returned_to_freelist: 0.
num_chunks_taken_from_freelist: 942.
num_chunk_merges: 0.
num_chunk_splits: 616.
num_chunks_enlarged: 439.
num_inconsistent_stats: 0.

CodeHeap 'non-profiled nmethods': size=120000Kb used=1190Kb max_used=1190Kb free=118809Kb
 bounds [0x0000021d07ad0000, 0x0000021d07d40000, 0x0000021d0f000000]
CodeHeap 'profiled nmethods': size=120000Kb used=5027Kb max_used=5027Kb free=114972Kb
 bounds [0x0000021d00000000, 0x0000021d004f0000, 0x0000021d07530000]
CodeHeap 'non-nmethods': size=5760Kb used=1231Kb max_used=1283Kb free=4528Kb
 bounds [0x0000021d07530000, 0x0000021d077a0000, 0x0000021d07ad0000]
 total_blobs=3023 nmethods=2486 adapters=449
 compilation: enabled
              stopped_count=0, restarted_count=0
 full_count=0

Compilation events (20 events):
Event: 3.767 Thread 0x0000021d7f992c60 2472       3       java.lang.invoke.InnerClassLambdaMetafactory::getParameterSize (27 bytes)
Event: 3.767 Thread 0x0000021d7f992c60 nmethod 2472 0x0000021d004d9f10 code [0x0000021d004da0c0, 0x0000021d004da2d8]
Event: 3.770 Thread 0x0000021d7f992c60 2473       3       java.util.ImmutableCollections$Set12::contains (28 bytes)
Event: 3.770 Thread 0x0000021d7f992c60 nmethod 2473 0x0000021d004da390 code [0x0000021d004da540, 0x0000021d004da898]
Event: 3.771 Thread 0x0000021d7f992c60 2474       3       java.lang.Byte::hashCode (8 bytes)
Event: 3.771 Thread 0x0000021d7f992c60 nmethod 2474 0x0000021d004da990 code [0x0000021d004dab20, 0x0000021d004dac78]
Event: 3.771 Thread 0x0000021d7f992c60 2475       3       java.lang.Byte::hashCode (2 bytes)
Event: 3.771 Thread 0x0000021d7f992c60 nmethod 2475 0x0000021d004dad10 code [0x0000021d004daea0, 0x0000021d004daf98]
Event: 3.772 Thread 0x0000021d7f992c60 2477       3       java.lang.invoke.DirectMethodHandle::preparedLambdaForm (6 bytes)
Event: 3.772 Thread 0x0000021d7f992c60 nmethod 2477 0x0000021d004db010 code [0x0000021d004db1a0, 0x0000021d004db2c8]
Event: 3.774 Thread 0x0000021d7f992c60 2478       3       java.lang.invoke.Invokers::checkCustomized (23 bytes)
Event: 3.774 Thread 0x0000021d7f992c60 nmethod 2478 0x0000021d004db390 code [0x0000021d004db540, 0x0000021d004db708]
Event: 3.774 Thread 0x0000021d7f992c60 2479       3       java.util.concurrent.atomic.AtomicInteger::incrementAndGet (14 bytes)
Event: 3.775 Thread 0x0000021d7f992c60 nmethod 2479 0x0000021d004db810 code [0x0000021d004db9a0, 0x0000021d004dbab8]
Event: 3.775 Thread 0x0000021d7f992c60 2481       3       java.lang.invoke.TypeConvertingMethodAdapter::cast (42 bytes)
Event: 3.775 Thread 0x0000021d7f992c60 nmethod 2481 0x0000021d004dbb90 code [0x0000021d004dbd80, 0x0000021d004dc208]
Event: 3.775 Thread 0x0000021d7f992c60 2480       3       java.lang.invoke.MethodHandles$Lookup::getDirectMethodNoSecurityManager (18 bytes)
Event: 3.775 Thread 0x0000021d7f992c60 nmethod 2480 0x0000021d004dc390 code [0x0000021d004dc520, 0x0000021d004dc668]
Event: 3.775 Thread 0x0000021d7f992c60 2482       3       java.lang.invoke.Invokers::checkExactType (17 bytes)
Event: 3.776 Thread 0x0000021d7f992c60 nmethod 2482 0x0000021d004dc710 code [0x0000021d004dc8c0, 0x0000021d004dcac8]

GC Heap History (6 events):
Event: 0.921 GC heap before
{Heap before GC invocations=0 (full 0):
 garbage-first heap   total 131072K, used 26624K [0x00000000a0000000, 0x0000000100000000)
  region size 1024K, 23 young (23552K), 0 survivors (0K)
 Metaspace       used 3014K, committed 3200K, reserved 1114112K
  class space    used 380K, committed 448K, reserved 1048576K
}
Event: 0.930 GC heap after
{Heap after GC invocations=1 (full 0):
 garbage-first heap   total 131072K, used 10103K [0x00000000a0000000, 0x0000000100000000)
  region size 1024K, 3 young (3072K), 3 survivors (3072K)
 Metaspace       used 3014K, committed 3200K, reserved 1114112K
  class space    used 380K, committed 448K, reserved 1048576K
}
Event: 1.439 GC heap before
{Heap before GC invocations=1 (full 0):
 garbage-first heap   total 131072K, used 38775K [0x00000000a0000000, 0x0000000100000000)
  region size 1024K, 31 young (31744K), 3 survivors (3072K)
 Metaspace       used 3940K, committed 4096K, reserved 1114112K
  class space    used 476K, committed 576K, reserved 1048576K
}
Event: 1.446 GC heap after
{Heap after GC invocations=2 (full 0):
 garbage-first heap   total 131072K, used 13999K [0x00000000a0000000, 0x0000000100000000)
  region size 1024K, 4 young (4096K), 4 survivors (4096K)
 Metaspace       used 3940K, committed 4096K, reserved 1114112K
  class space    used 476K, committed 576K, reserved 1048576K
}
Event: 3.590 GC heap before
{Heap before GC invocations=2 (full 0):
 garbage-first heap   total 131072K, used 87727K [0x00000000a0000000, 0x0000000100000000)
  region size 1024K, 76 young (77824K), 4 survivors (4096K)
 Metaspace       used 17713K, committed 17984K, reserved 1114112K
  class space    used 2609K, committed 2752K, reserved 1048576K
}
Event: 3.599 GC heap after
{Heap after GC invocations=3 (full 0):
 garbage-first heap   total 131072K, used 20480K [0x00000000a0000000, 0x0000000100000000)
  region size 1024K, 10 young (10240K), 10 survivors (10240K)
 Metaspace       used 17713K, committed 17984K, reserved 1114112K
  class space    used 2609K, committed 2752K, reserved 1048576K
}

Dll operation events (13 events):
Event: 0.024 Loaded shared library C:\Users\elena\.jdks\corretto-17.0.12\bin\java.dll
Event: 0.050 Loaded shared library C:\Users\elena\.jdks\corretto-17.0.12\bin\jsvml.dll
Event: 0.083 Loaded shared library C:\Users\elena\.jdks\corretto-17.0.12\bin\net.dll
Event: 0.084 Loaded shared library C:\Users\elena\.jdks\corretto-17.0.12\bin\nio.dll
Event: 0.090 Loaded shared library C:\Users\elena\.jdks\corretto-17.0.12\bin\zip.dll
Event: 0.340 Loaded shared library C:\Users\elena\.jdks\corretto-17.0.12\bin\jimage.dll
Event: 0.452 Loaded shared library C:\Users\elena\.jdks\corretto-17.0.12\bin\verify.dll
Event: 0.690 Loaded shared library C:\Users\elena\.gradle\native\68d5fa5c4cc2d200863cafc0d521ce42e7d3e7ee720ec0a83991735586a16f82\windows-amd64\native-platform.dll
Event: 0.706 Loaded shared library C:\Users\elena\.gradle\native\e376f236ea51e6404a007f0833ffe2c6e607c4080706a723a18a27aeea778392\windows-amd64\native-platform-file-events.dll
Event: 1.697 Loaded shared library C:\Users\elena\.jdks\corretto-17.0.12\bin\management.dll
Event: 1.702 Loaded shared library C:\Users\elena\.jdks\corretto-17.0.12\bin\management_ext.dll
Event: 2.168 Loaded shared library C:\Users\elena\.jdks\corretto-17.0.12\bin\extnet.dll
Event: 2.476 Loaded shared library C:\Users\elena\.jdks\corretto-17.0.12\bin\sunmscapi.dll

Deoptimization events (20 events):
Event: 3.012 Thread 0x0000021d565cfe30 DEOPT PACKING pc=0x0000021d07b3ccf8 sp=0x0000005f131fcf20
Event: 3.012 Thread 0x0000021d565cfe30 DEOPT UNPACKING pc=0x0000021d075869a3 sp=0x0000005f131fcef0 mode 2
Event: 3.092 Thread 0x0000021d565cfe30 DEOPT PACKING pc=0x0000021d000a31dc sp=0x0000005f131faf00
Event: 3.092 Thread 0x0000021d565cfe30 DEOPT UNPACKING pc=0x0000021d07587143 sp=0x0000005f131fa480 mode 0
Event: 3.173 Thread 0x0000021d565cfe30 Uncommon trap: trap_request=0xffffff45 fr.pc=0x0000021d07bb03c4 relative=0x00000000000001a4
Event: 3.173 Thread 0x0000021d565cfe30 Uncommon trap: reason=unstable_if action=reinterpret pc=0x0000021d07bb03c4 method=java.util.WeakHashMap.expungeStaleEntries()V @ 9 c2
Event: 3.173 Thread 0x0000021d565cfe30 DEOPT PACKING pc=0x0000021d07bb03c4 sp=0x0000005f131fa6c0
Event: 3.173 Thread 0x0000021d565cfe30 DEOPT UNPACKING pc=0x0000021d075869a3 sp=0x0000005f131fa658 mode 2
Event: 3.387 Thread 0x0000021d565cfe30 Uncommon trap: trap_request=0xffffff45 fr.pc=0x0000021d07bb62a8 relative=0x00000000000007c8
Event: 3.387 Thread 0x0000021d565cfe30 Uncommon trap: reason=unstable_if action=reinterpret pc=0x0000021d07bb62a8 method=java.util.HashMap.putVal(ILjava/lang/Object;Ljava/lang/Object;ZZ)Ljava/lang/Object; @ 206 c2
Event: 3.387 Thread 0x0000021d565cfe30 DEOPT PACKING pc=0x0000021d07bb62a8 sp=0x0000005f131faf50
Event: 3.387 Thread 0x0000021d565cfe30 DEOPT UNPACKING pc=0x0000021d075869a3 sp=0x0000005f131faee8 mode 2
Event: 3.522 Thread 0x0000021d565cfe30 Uncommon trap: trap_request=0xffffff45 fr.pc=0x0000021d07af2b84 relative=0x00000000000000e4
Event: 3.522 Thread 0x0000021d565cfe30 Uncommon trap: reason=unstable_if action=reinterpret pc=0x0000021d07af2b84 method=java.util.HashMap.hash(Ljava/lang/Object;)I @ 1 c2
Event: 3.522 Thread 0x0000021d565cfe30 DEOPT PACKING pc=0x0000021d07af2b84 sp=0x0000005f131f9f00
Event: 3.522 Thread 0x0000021d565cfe30 DEOPT UNPACKING pc=0x0000021d075869a3 sp=0x0000005f131f9e40 mode 2
Event: 3.568 Thread 0x0000021d565cfe30 Uncommon trap: trap_request=0xffffff6e fr.pc=0x0000021d07b82434 relative=0x0000000000000414
Event: 3.568 Thread 0x0000021d565cfe30 Uncommon trap: reason=loop_limit_check action=maybe_recompile pc=0x0000021d07b82434 method=java.lang.StringLatin1.indexOf([BI[BII)I @ 37 c2
Event: 3.568 Thread 0x0000021d565cfe30 DEOPT PACKING pc=0x0000021d07b82434 sp=0x0000005f131f8650
Event: 3.568 Thread 0x0000021d565cfe30 DEOPT UNPACKING pc=0x0000021d075869a3 sp=0x0000005f131f85b0 mode 2

Classes loaded (20 events):
Event: 3.339 Loading class javax/xml/xpath/XPathExpressionException
Event: 3.339 Loading class javax/xml/xpath/XPathException
Event: 3.340 Loading class javax/xml/xpath/XPathException done
Event: 3.340 Loading class javax/xml/xpath/XPathExpressionException done
Event: 3.340 Loading class org/xml/sax/ErrorHandler
Event: 3.341 Loading class org/xml/sax/ErrorHandler done
Event: 3.690 Loading class java/lang/annotation/IncompleteAnnotationException
Event: 3.690 Loading class java/lang/annotation/IncompleteAnnotationException done
Event: 3.725 Loading class java/util/concurrent/TimeoutException
Event: 3.725 Loading class java/util/concurrent/TimeoutException done
Event: 3.725 Loading class java/util/concurrent/CancellationException
Event: 3.725 Loading class java/util/concurrent/CancellationException done
Event: 3.727 Loading class java/util/ServiceConfigurationError
Event: 3.728 Loading class java/util/ServiceConfigurationError done
Event: 3.754 Loading class java/util/concurrent/locks/AbstractQueuedSynchronizer$SharedNode
Event: 3.754 Loading class java/util/concurrent/locks/AbstractQueuedSynchronizer$SharedNode done
Event: 3.759 Loading class java/io/InterruptedIOException
Event: 3.759 Loading class java/io/InterruptedIOException done
Event: 3.769 Loading class java/util/ArrayDeque$DeqSpliterator
Event: 3.770 Loading class java/util/ArrayDeque$DeqSpliterator done

Classes unloaded (0 events):
No events

Classes redefined (0 events):
No events

Internal exceptions (20 events):
Event: 2.930 Thread 0x0000021d565cfe30 Exception <a 'java/lang/NoSuchMethodError'{0x00000000a5375ea0}: 'java.lang.Object java.lang.invoke.DirectMethodHandle$Holder.newInvokeSpecial(java.lang.Object, java.lang.Object, java.lang.Object, int)'> (0x00000000a5375ea0) 
thrown [s\src\hotspot\share\interpreter\linkResolver.cpp, line 759]
Event: 2.931 Thread 0x0000021d565cfe30 Exception <a 'java/lang/NoSuchMethodError'{0x00000000a537a7d0}: 'java.lang.Object java.lang.invoke.DirectMethodHandle$Holder.invokeSpecial(java.lang.Object, java.lang.Object, java.lang.Object, java.lang.Object, int)'> (0x00000000a537a7d0) 
thrown [s\src\hotspot\share\interpreter\linkResolver.cpp, line 759]
Event: 2.931 Thread 0x0000021d565cfe30 Exception <a 'java/lang/NoSuchMethodError'{0x00000000a537e8e8}: 'java.lang.Object java.lang.invoke.Invokers$Holder.linkToTargetMethod(java.lang.Object, java.lang.Object, int, java.lang.Object)'> (0x00000000a537e8e8) 
thrown [s\src\hotspot\share\interpreter\linkResolver.cpp, line 759]
Event: 3.194 Thread 0x0000021d565cfe30 Exception <a 'java/lang/NoSuchMethodError'{0x00000000a4656dd8}: 'int java.lang.invoke.DirectMethodHandle$Holder.invokeSpecialIFC(java.lang.Object, java.lang.Object, java.lang.Object, java.lang.Object)'> (0x00000000a4656dd8) 
thrown [s\src\hotspot\share\interpreter\linkResolver.cpp, line 759]
Event: 3.196 Thread 0x0000021d565cfe30 Exception <a 'java/lang/NoSuchMethodError'{0x00000000a4665d80}: 'java.lang.Object java.lang.invoke.DirectMethodHandle$Holder.invokeInterface(java.lang.Object, java.lang.Object, java.lang.Object)'> (0x00000000a4665d80) 
thrown [s\src\hotspot\share\interpreter\linkResolver.cpp, line 759]
Event: 3.196 Thread 0x0000021d565cfe30 Exception <a 'java/lang/IncompatibleClassChangeError'{0x00000000a4669998}: Found class java.lang.Object, but interface was expected> (0x00000000a4669998) 
thrown [s\src\hotspot\share\interpreter\linkResolver.cpp, line 826]
Event: 3.214 Thread 0x0000021d565cfe30 Exception <a 'java/lang/NoSuchMethodError'{0x00000000a4535c88}: 'int java.lang.invoke.DirectMethodHandle$Holder.invokeStatic(java.lang.Object, java.lang.Object, java.lang.Object, java.lang.Object)'> (0x00000000a4535c88) 
thrown [s\src\hotspot\share\interpreter\linkResolver.cpp, line 759]
Event: 3.214 Thread 0x0000021d565cfe30 Exception <a 'java/lang/NoSuchMethodError'{0x00000000a45398b0}: 'java.lang.Object java.lang.invoke.Invokers$Holder.invokeExact_MT(java.lang.Object, java.lang.Object, java.lang.Object, java.lang.Object, java.lang.Object, java.lang.Object)'> (0x00000000a45398b0) 
thrown [s\src\hotspot\share\interpreter\linkResolver.cpp, line 759]
Event: 3.359 Thread 0x0000021d565cfe30 Exception <a 'java/lang/NoSuchMethodError'{0x00000000a3dda878}: 'void java.lang.invoke.DirectMethodHandle$Holder.invokeStatic(java.lang.Object, java.lang.Object)'> (0x00000000a3dda878) 
thrown [s\src\hotspot\share\interpreter\linkResolver.cpp, line 759]
Event: 3.366 Thread 0x0000021d565cfe30 Exception <a 'java/lang/NoSuchMethodError'{0x00000000a3c3a6f8}: 'java.lang.Object java.lang.invoke.DirectMethodHandle$Holder.invokeVirtual(java.lang.Object, java.lang.Object, java.lang.Object, java.lang.Object)'> (0x00000000a3c3a6f8) 
thrown [s\src\hotspot\share\interpreter\linkResolver.cpp, line 759]
Event: 3.394 Thread 0x0000021d565cfe30 Exception <a 'java/lang/NoSuchMethodError'{0x00000000a3bdb8b8}: 'java.lang.Object java.lang.invoke.DirectMethodHandle$Holder.newInvokeSpecial(java.lang.Object, java.lang.Object, java.lang.Object, java.lang.Object, java.lang.Object, java.lang.Object, java.lang.Object)'> (0x00000000a3bdb8b8) 
thrown [s\src\hotspot\share\interpreter\linkResolver.cpp, line 759]
Event: 3.395 Thread 0x0000021d565cfe30 Exception <a 'java/lang/NoSuchMethodError'{0x00000000a3be0588}: 'java.lang.Object java.lang.invoke.Invokers$Holder.linkToTargetMethod(java.lang.Object, java.lang.Object, java.lang.Object, java.lang.Object, java.lang.Object, java.lang.Object, java.lang.Object)'> (0x00000000a3be0588) 
thrown [s\src\hotspot\share\interpreter\linkResolver.cpp, line 759]
Event: 3.413 Thread 0x0000021d565cfe30 Exception <a 'java/lang/NoSuchMethodError'{0x00000000a3931d68}: 'java.lang.Object java.lang.invoke.DirectMethodHandle$Holder.invokeVirtual(java.lang.Object, java.lang.Object, java.lang.Object, java.lang.Object, java.lang.Object, java.lang.Object, java.lang.Object, java.lang.Object, java.lang.Object, java.lang.Object, java.lang.Object, java.lang.Object, java.lang.Object, java.lang.Object, java.lang.Object, java.lang.Object, java.lang.Object, java.lang.Object, java.lang.Object, java.lang.Object, java.lang.Ob
Event: 3.522 Thread 0x0000021d565cfe30 Implicit null exception at 0x0000021d07af2ae0 to 0x0000021d07af2b7a
Event: 3.660 Thread 0x0000021d565cfe30 Exception <a 'java/lang/NoSuchMethodError'{0x00000000a7de7590}: 'void java.lang.invoke.DirectMethodHandle$Holder.invokeStaticInit(java.lang.Object, java.lang.Object)'> (0x00000000a7de7590) 
thrown [s\src\hotspot\share\interpreter\linkResolver.cpp, line 759]
Event: 3.691 Thread 0x0000021d565cfe30 Exception <a 'java/lang/NoSuchMethodError'{0x00000000a7b0c518}: 'java.lang.Object java.lang.invoke.DirectMethodHandle$Holder.invokeStaticInit(java.lang.Object, java.lang.Object, java.lang.Object)'> (0x00000000a7b0c518) 
thrown [s\src\hotspot\share\interpreter\linkResolver.cpp, line 759]
Event: 3.692 Thread 0x0000021d565cfe30 Exception <a 'java/lang/NoSuchMethodError'{0x00000000a7b165e8}: 'void java.lang.invoke.DirectMethodHandle$Holder.invokeStatic(java.lang.Object, java.lang.Object, java.lang.Object, java.lang.Object, java.lang.Object, java.lang.Object)'> (0x00000000a7b165e8) 
thrown [s\src\hotspot\share\interpreter\linkResolver.cpp, line 759]
Event: 3.761 Thread 0x0000021d565cfe30 Exception <a 'java/lang/NoSuchMethodError'{0x00000000a78d0b08}: 'void java.lang.invoke.DirectMethodHandle$Holder.invokeStatic(java.lang.Object, java.lang.Object, java.lang.Object, java.lang.Object)'> (0x00000000a78d0b08) 
thrown [s\src\hotspot\share\interpreter\linkResolver.cpp, line 759]
Event: 3.764 Thread 0x0000021d565cfe30 Exception <a 'java/lang/NoSuchMethodError'{0x00000000a78e3f80}: 'int java.lang.invoke.DirectMethodHandle$Holder.invokeVirtual(java.lang.Object, java.lang.Object)'> (0x00000000a78e3f80) 
thrown [s\src\hotspot\share\interpreter\linkResolver.cpp, line 759]
Event: 3.772 Thread 0x0000021d565cfe30 Exception <a 'java/lang/NoSuchMethodError'{0x00000000a7751800}: 'int java.lang.invoke.DirectMethodHandle$Holder.invokeVirtual(java.lang.Object, java.lang.Object, java.lang.Object)'> (0x00000000a7751800) 
thrown [s\src\hotspot\share\interpreter\linkResolver.cpp, line 759]

VM Operations (20 events):
Event: 1.906 Executing VM operation: HandshakeAllThreads
Event: 1.906 Executing VM operation: HandshakeAllThreads done
Event: 2.024 Executing VM operation: HandshakeAllThreads
Event: 2.024 Executing VM operation: HandshakeAllThreads done
Event: 2.086 Executing VM operation: HandshakeAllThreads
Event: 2.086 Executing VM operation: HandshakeAllThreads done
Event: 2.410 Executing VM operation: HandshakeAllThreads
Event: 2.410 Executing VM operation: HandshakeAllThreads done
Event: 2.487 Executing VM operation: HandshakeAllThreads
Event: 2.487 Executing VM operation: HandshakeAllThreads done
Event: 2.487 Executing VM operation: Cleanup
Event: 2.487 Executing VM operation: Cleanup done
Event: 3.043 Executing VM operation: HandshakeAllThreads
Event: 3.043 Executing VM operation: HandshakeAllThreads done
Event: 3.044 Executing VM operation: HandshakeAllThreads
Event: 3.044 Executing VM operation: HandshakeAllThreads done
Event: 3.405 Executing VM operation: ICBufferFull
Event: 3.406 Executing VM operation: ICBufferFull done
Event: 3.590 Executing VM operation: G1CollectForAllocation
Event: 3.599 Executing VM operation: G1CollectForAllocation done

Events (20 events):
Event: 0.059 Thread 0x0000021d7f9921b0 Thread added: 0x0000021d7f9921b0
Event: 0.059 Thread 0x0000021d7f992c60 Thread added: 0x0000021d7f992c60
Event: 0.059 Thread 0x0000021d7f99ba70 Thread added: 0x0000021d7f99ba70
Event: 0.076 Thread 0x0000021d7fbd8210 Thread added: 0x0000021d7fbd8210
Event: 0.078 Thread 0x0000021d7fbda700 Thread added: 0x0000021d7fbda700
Event: 1.760 Thread 0x0000021d571b8d80 Thread added: 0x0000021d571b8d80
Event: 2.384 Thread 0x0000021d5758c630 Thread added: 0x0000021d5758c630
Event: 2.450 Thread 0x0000021d564590e0 Thread added: 0x0000021d564590e0
Event: 2.512 Thread 0x0000021d56a3a700 Thread added: 0x0000021d56a3a700
Event: 2.514 Thread 0x0000021d56fef100 Thread added: 0x0000021d56fef100
Event: 2.572 Thread 0x0000021d574d0450 Thread added: 0x0000021d574d0450
Event: 2.577 Thread 0x0000021d565cfe30 Thread added: 0x0000021d565cfe30
Event: 2.586 Thread 0x0000021d565cf920 Thread added: 0x0000021d565cf920
Event: 2.587 Thread 0x0000021d565d26b0 Thread added: 0x0000021d565d26b0
Event: 2.595 Thread 0x0000021d565d0340 Thread added: 0x0000021d565d0340
Event: 2.929 Thread 0x0000021d565d1c90 Thread added: 0x0000021d565d1c90
Event: 2.942 Thread 0x0000021d565d30d0 Thread added: 0x0000021d565d30d0
Event: 3.165 Thread 0x0000021d565d21a0 Thread added: 0x0000021d565d21a0
Event: 3.754 Thread 0x0000021d565d2bc0 Thread added: 0x0000021d565d2bc0
Event: 3.763 Thread 0x0000021d57c63520 Thread added: 0x0000021d57c63520


Dynamic libraries:
0x00007ff77fd80000 - 0x00007ff77fd8e000 	C:\Users\elena\.jdks\corretto-17.0.12\bin\java.exe
0x00007ffd67410000 - 0x00007ffd67627000 	C:\Windows\SYSTEM32\ntdll.dll
0x00007ffd65ae0000 - 0x00007ffd65ba4000 	C:\Windows\System32\KERNEL32.DLL
0x00007ffd64a50000 - 0x00007ffd64e07000 	C:\Windows\System32\KERNELBASE.dll
0x00007ffd64880000 - 0x00007ffd64991000 	C:\Windows\System32\ucrtbase.dll
0x00007ffd43c50000 - 0x00007ffd43c6b000 	C:\Users\elena\.jdks\corretto-17.0.12\bin\VCRUNTIME140.dll
0x00007ffd402f0000 - 0x00007ffd40307000 	C:\Users\elena\.jdks\corretto-17.0.12\bin\jli.dll
0x00007ffd65420000 - 0x00007ffd655cf000 	C:\Windows\System32\USER32.dll
0x00007ffd64e10000 - 0x00007ffd64e36000 	C:\Windows\System32\win32u.dll
0x00007ffd498d0000 - 0x00007ffd49b63000 	C:\Windows\WinSxS\amd64_microsoft.windows.common-controls_6595b64144ccf1df_6.0.22621.3672_none_2713b9d173822955\COMCTL32.dll
0x00007ffd65fc0000 - 0x00007ffd66067000 	C:\Windows\System32\msvcrt.dll
0x00007ffd65230000 - 0x00007ffd65259000 	C:\Windows\System32\GDI32.dll
0x00007ffd65020000 - 0x00007ffd65138000 	C:\Windows\System32\gdi32full.dll
0x00007ffd64720000 - 0x00007ffd647ba000 	C:\Windows\System32\msvcp_win.dll
0x00007ffd66f60000 - 0x00007ffd66f91000 	C:\Windows\System32\IMM32.DLL
0x00007ffd43b70000 - 0x00007ffd43b7c000 	C:\Users\elena\.jdks\corretto-17.0.12\bin\vcruntime140_1.dll
0x00007ffd03dc0000 - 0x00007ffd03e4d000 	C:\Users\elena\.jdks\corretto-17.0.12\bin\msvcp140.dll
0x00007ffcb6110000 - 0x00007ffcb6d7a000 	C:\Users\elena\.jdks\corretto-17.0.12\bin\server\jvm.dll
0x00007ffd66c90000 - 0x00007ffd66d42000 	C:\Windows\System32\ADVAPI32.dll
0x00007ffd66eb0000 - 0x00007ffd66f58000 	C:\Windows\System32\sechost.dll
0x00007ffd649a0000 - 0x00007ffd649c8000 	C:\Windows\System32\bcrypt.dll
0x00007ffd66fa0000 - 0x00007ffd670b4000 	C:\Windows\System32\RPCRT4.dll
0x00007ffd65a60000 - 0x00007ffd65ad1000 	C:\Windows\System32\WS2_32.dll
0x00007ffd63cd0000 - 0x00007ffd63d1d000 	C:\Windows\SYSTEM32\POWRPROF.dll
0x00007ffd5dcc0000 - 0x00007ffd5dcf4000 	C:\Windows\SYSTEM32\WINMM.dll
0x00007ffd5a570000 - 0x00007ffd5a57a000 	C:\Windows\SYSTEM32\VERSION.dll
0x00007ffd63cb0000 - 0x00007ffd63cc3000 	C:\Windows\SYSTEM32\UMPDC.dll
0x00007ffd63730000 - 0x00007ffd63748000 	C:\Windows\SYSTEM32\kernel.appcore.dll
0x00007ffd43060000 - 0x00007ffd4306a000 	C:\Users\elena\.jdks\corretto-17.0.12\bin\jimage.dll
0x00007ffd4b710000 - 0x00007ffd4b942000 	C:\Windows\SYSTEM32\DBGHELP.DLL
0x00007ffd66900000 - 0x00007ffd66c8e000 	C:\Windows\System32\combase.dll
0x00007ffd672f0000 - 0x00007ffd673c7000 	C:\Windows\System32\OLEAUT32.dll
0x00007ffd437b0000 - 0x00007ffd437e2000 	C:\Windows\SYSTEM32\dbgcore.DLL
0x00007ffd649d0000 - 0x00007ffd64a4b000 	C:\Windows\System32\bcryptPrimitives.dll
0x00007ffd2a930000 - 0x00007ffd2a955000 	C:\Users\elena\.jdks\corretto-17.0.12\bin\java.dll
0x00007ffd02be0000 - 0x00007ffd02cb7000 	C:\Users\elena\.jdks\corretto-17.0.12\bin\jsvml.dll
0x00007ffd66070000 - 0x00007ffd668d9000 	C:\Windows\System32\SHELL32.dll
0x00007ffd62640000 - 0x00007ffd62f3f000 	C:\Windows\SYSTEM32\windows.storage.dll
0x00007ffd62500000 - 0x00007ffd6263f000 	C:\Windows\SYSTEM32\wintypes.dll
0x00007ffd65e60000 - 0x00007ffd65f59000 	C:\Windows\System32\SHCORE.dll
0x00007ffd651c0000 - 0x00007ffd6521e000 	C:\Windows\System32\shlwapi.dll
0x00007ffd64650000 - 0x00007ffd64677000 	C:\Windows\SYSTEM32\profapi.dll
0x00007ffd3f6c0000 - 0x00007ffd3f6d9000 	C:\Users\elena\.jdks\corretto-17.0.12\bin\net.dll
0x00007ffd5e040000 - 0x00007ffd5e176000 	C:\Windows\SYSTEM32\WINHTTP.dll
0x00007ffd63c00000 - 0x00007ffd63c69000 	C:\Windows\system32\mswsock.dll
0x00007ffd2ed30000 - 0x00007ffd2ed46000 	C:\Users\elena\.jdks\corretto-17.0.12\bin\nio.dll
0x00007ffd2cd10000 - 0x00007ffd2cd28000 	C:\Users\elena\.jdks\corretto-17.0.12\bin\zip.dll
0x00007ffd400b0000 - 0x00007ffd400c0000 	C:\Users\elena\.jdks\corretto-17.0.12\bin\verify.dll
0x00007ffd5d600000 - 0x00007ffd5d627000 	C:\Users\elena\.gradle\native\68d5fa5c4cc2d200863cafc0d521ce42e7d3e7ee720ec0a83991735586a16f82\windows-amd64\native-platform.dll
0x00007ffd0bd10000 - 0x00007ffd0be54000 	C:\Users\elena\.gradle\native\e376f236ea51e6404a007f0833ffe2c6e607c4080706a723a18a27aeea778392\windows-amd64\native-platform-file-events.dll
0x00007ffd38a80000 - 0x00007ffd38a89000 	C:\Users\elena\.jdks\corretto-17.0.12\bin\management.dll
0x00007ffd34600000 - 0x00007ffd3460b000 	C:\Users\elena\.jdks\corretto-17.0.12\bin\management_ext.dll
0x00007ffd65dc0000 - 0x00007ffd65dc8000 	C:\Windows\System32\PSAPI.DLL
0x00007ffd63fd0000 - 0x00007ffd63feb000 	C:\Windows\SYSTEM32\CRYPTSP.dll
0x00007ffd63690000 - 0x00007ffd636c5000 	C:\Windows\system32\rsaenh.dll
0x00007ffd63d20000 - 0x00007ffd63d48000 	C:\Windows\SYSTEM32\USERENV.dll
0x00007ffd63fb0000 - 0x00007ffd63fbc000 	C:\Windows\SYSTEM32\CRYPTBASE.dll
0x00007ffd631a0000 - 0x00007ffd631cd000 	C:\Windows\SYSTEM32\IPHLPAPI.DLL
0x00007ffd65fb0000 - 0x00007ffd65fb9000 	C:\Windows\System32\NSI.dll
0x00007ffd5f1f0000 - 0x00007ffd5f209000 	C:\Windows\SYSTEM32\dhcpcsvc6.DLL
0x00007ffd5dc70000 - 0x00007ffd5dc8f000 	C:\Windows\SYSTEM32\dhcpcsvc.DLL
0x00007ffd63210000 - 0x00007ffd63312000 	C:\Windows\SYSTEM32\DNSAPI.dll
0x00007ffd311f0000 - 0x00007ffd311f9000 	C:\Users\elena\.jdks\corretto-17.0.12\bin\extnet.dll
0x00007ffd2dc70000 - 0x00007ffd2dc7e000 	C:\Users\elena\.jdks\corretto-17.0.12\bin\sunmscapi.dll
0x00007ffd64eb0000 - 0x00007ffd65016000 	C:\Windows\System32\CRYPT32.dll
0x00007ffd640e0000 - 0x00007ffd6410d000 	C:\Windows\SYSTEM32\ncrypt.dll
0x00007ffd640a0000 - 0x00007ffd640d7000 	C:\Windows\SYSTEM32\NTASN1.dll
0x00007ffd2ce20000 - 0x00007ffd2ce28000 	C:\Windows\system32\wshunix.dll

dbghelp: loaded successfully - version: 4.0.5 - missing functions: none
symbol engine: initialized successfully - sym options: 0x614 - pdb path: .;C:\Users\elena\.jdks\corretto-17.0.12\bin;C:\Windows\SYSTEM32;C:\Windows\WinSxS\amd64_microsoft.windows.common-controls_6595b64144ccf1df_6.0.22621.3672_none_2713b9d173822955;C:\Users\elena\.jdks\corretto-17.0.12\bin\server;C:\Users\elena\.gradle\native\68d5fa5c4cc2d200863cafc0d521ce42e7d3e7ee720ec0a83991735586a16f82\windows-amd64;C:\Users\elena\.gradle\native\e376f236ea51e6404a007f0833ffe2c6e607c4080706a723a18a27aeea778392\windows-amd64

VM Arguments:
jvm_args: --add-opens=java.base/java.util=ALL-UNNAMED --add-opens=java.base/java.lang=ALL-UNNAMED --add-opens=java.base/java.lang.invoke=ALL-UNNAMED --add-opens=java.prefs/java.util.prefs=ALL-UNNAMED --add-opens=java.base/java.nio.charset=ALL-UNNAMED --add-opens=java.base/java.net=ALL-UNNAMED --add-opens=java.base/java.util.concurrent.atomic=ALL-UNNAMED -Xmx1536m -Dfile.encoding=UTF-8 -Duser.country=US -Duser.language=en -Duser.variant 
java_command: org.gradle.launcher.daemon.bootstrap.GradleDaemon 8.0
java_class_path (initial): C:\Users\elena\.gradle\wrapper\dists\gradle-8.0-all\a2o1xoguejy6msdh0lk99lxza\gradle-8.0\lib\gradle-launcher-8.0.jar
Launcher Type: SUN_STANDARD

[Global flags]
     intx CICompilerCount                          = 4                                         {product} {ergonomic}
     uint ConcGCThreads                            = 2                                         {product} {ergonomic}
     uint G1ConcRefinementThreads                  = 8                                         {product} {ergonomic}
   size_t G1HeapRegionSize                         = 1048576                                   {product} {ergonomic}
    uintx GCDrainStackTargetSize                   = 64                                        {product} {ergonomic}
   size_t InitialHeapSize                          = 134217728                                 {product} {ergonomic}
   size_t MarkStackSize                            = 4194304                                   {product} {ergonomic}
   size_t MaxHeapSize                              = 1610612736                                {product} {command line}
   size_t MaxNewSize                               = 965738496                                 {product} {ergonomic}
   size_t MinHeapDeltaBytes                        = 1048576                                   {product} {ergonomic}
   size_t MinHeapSize                              = 8388608                                   {product} {ergonomic}
    uintx NonNMethodCodeHeapSize                   = 5839372                                {pd product} {ergonomic}
    uintx NonProfiledCodeHeapSize                  = 122909434                              {pd product} {ergonomic}
    uintx ProfiledCodeHeapSize                     = 122909434                              {pd product} {ergonomic}
    uintx ReservedCodeCacheSize                    = 251658240                              {pd product} {ergonomic}
     bool SegmentedCodeCache                       = true                                      {product} {ergonomic}
   size_t SoftMaxHeapSize                          = 1610612736                             {manageable} {ergonomic}
     bool UseCompressedClassPointers               = true                           {product lp64_product} {ergonomic}
     bool UseCompressedOops                        = true                           {product lp64_product} {ergonomic}
     bool UseG1GC                                  = true                                      {product} {ergonomic}
     bool UseLargePagesIndividualAllocation        = false                                  {pd product} {ergonomic}

Logging:
Log output configuration:
 #0: stdout all=warning uptime,level,tags
 #1: stderr all=off uptime,level,tags

Environment Variables:
PATH=C:\Program Files (x86)\Common Files\Oracle\Java\javapath;C:\Python312\Scripts\;C:\Python312\;C:\Windows\system32;C:\Windows;C:\Windows\System32\Wbem;C:\Windows\System32\WindowsPowerShell\v1.0\;C:\Windows\System32\OpenSSH\;C:\Program Files (x86)\NVIDIA Corporation\PhysX\Common;C:\Program Files\Git\cmd;C:\ProgramData\chocolatey\bin;C:\Program Files\nodejs\;C:\Program Files (x86)\Windows Kits\10\Windows Performance Toolkit\;C:\Program Files\NVIDIA Corporation\NVIDIA app\NvDLISR;C:\Users\elena\AppData\Local\Microsoft\WindowsApps;C:\Users\elena\AppData\Local\JetBrains\Toolbox\scripts;C:\Users\elena\AppData\Local\Programs\Microsoft VS Code\bin;C:\Users\elena\AppData\Roaming\npm
USERNAME=elena
OS=Windows_NT
PROCESSOR_IDENTIFIER=Intel64 Family 6 Model 142 Stepping 11, GenuineIntel
TMP=C:\Users\elena\AppData\Local\Temp
TEMP=C:\Users\elena\AppData\Local\Temp



Periodic native trim disabled


---------------  S Y S T E M  ---------------

OS:
 Windows 11 , 64 bit Build 22621 (10.0.22621.3958)
OS uptime: 0 days 2:59 hours
Hyper-V role detected

CPU: total 8 (initial active 8) (4 cores per cpu, 2 threads per core) family 6 model 142 stepping 11 microcode 0xec, cx8, cmov, fxsr, ht, mmx, 3dnowpref, sse, sse2, sse3, ssse3, sse4.1, sse4.2, popcnt, lzcnt, tsc, tscinvbit, avx, avx2, aes, erms, clmul, bmi1, bmi2, adx, fma, vzeroupper, clflush, clflushopt, hv
Processor Information for all 8 processors :
  Max Mhz: 1800, Current Mhz: 1600, Mhz Limit: 1584

Memory: 4k page, system-wide physical 8071M (284M free)
TotalPageFile size 16221M (AvailPageFile size 2M)
current process WorkingSet (physical memory assigned to process): 198M, peak: 199M
current process commit charge ("private bytes"): 276M, peak: 279M

vm_info: OpenJDK 64-Bit Server VM (17.0.12+7-LTS) for windows-amd64 JRE (17.0.12+7-LTS), built on Jul 10 2024 20:46:33 by "Administrator" with MS VC++ 16.10 / 16.11 (VS2019)

END.
